[ 2017-07-30T22:06:45+08:00 ] 127.0.0.1 /php-exam/index.php/api
INFO: [ app_init ] --START--
INFO: Run Behavior\BuildLiteBehavior [ RunTime:0.000013s ]
INFO: [ app_init ] --END-- [ RunTime:0.000343s ]
INFO: [ app_begin ] --START--
INFO: Run Behavior\ReadHtmlCacheBehavior [ RunTime:0.000453s ]
INFO: [ app_begin ] --END-- [ RunTime:0.000497s ]
ERR: 无法加载控制器:Index

[ 2017-07-30T22:06:51+08:00 ] 127.0.0.1 /php-exam/index.php/api/getArticle
INFO: [ app_init ] --START--
INFO: Run Behavior\BuildLiteBehavior [ RunTime:0.000013s ]
INFO: [ app_init ] --END-- [ RunTime:0.000320s ]
INFO: [ app_begin ] --START--
INFO: Run Behavior\ReadHtmlCacheBehavior [ RunTime:0.000518s ]
INFO: [ app_begin ] --END-- [ RunTime:0.000559s ]
SQL: PRAGMA table_info( article ) [ RunTime:0.0003s ]
NOTIC: [8] Undefined index: field /Applications/MAMP/htdocs/php-exam/ThinkPHP/Library/Think/Db/Driver/Sqlite.class.php 第 42 行.
NOTIC: [8] Undefined index: field /Applications/MAMP/htdocs/php-exam/ThinkPHP/Library/Think/Db/Driver/Sqlite.class.php 第 43 行.
NOTIC: [8] Undefined index: null /Applications/MAMP/htdocs/php-exam/ThinkPHP/Library/Think/Db/Driver/Sqlite.class.php 第 45 行.
NOTIC: [8] Undefined index: default /Applications/MAMP/htdocs/php-exam/ThinkPHP/Library/Think/Db/Driver/Sqlite.class.php 第 46 行.
NOTIC: [8] Undefined index: dey /Applications/MAMP/htdocs/php-exam/ThinkPHP/Library/Think/Db/Driver/Sqlite.class.php 第 47 行.
NOTIC: [8] Undefined index: extra /Applications/MAMP/htdocs/php-exam/ThinkPHP/Library/Think/Db/Driver/Sqlite.class.php 第 48 行.
NOTIC: [8] Undefined index: field /Applications/MAMP/htdocs/php-exam/ThinkPHP/Library/Think/Db/Driver/Sqlite.class.php 第 42 行.
NOTIC: [8] Undefined index: field /Applications/MAMP/htdocs/php-exam/ThinkPHP/Library/Think/Db/Driver/Sqlite.class.php 第 43 行.
NOTIC: [8] Undefined index: null /Applications/MAMP/htdocs/php-exam/ThinkPHP/Library/Think/Db/Driver/Sqlite.class.php 第 45 行.
NOTIC: [8] Undefined index: default /Applications/MAMP/htdocs/php-exam/ThinkPHP/Library/Think/Db/Driver/Sqlite.class.php 第 46 行.
NOTIC: [8] Undefined index: dey /Applications/MAMP/htdocs/php-exam/ThinkPHP/Library/Think/Db/Driver/Sqlite.class.php 第 47 行.
NOTIC: [8] Undefined index: extra /Applications/MAMP/htdocs/php-exam/ThinkPHP/Library/Think/Db/Driver/Sqlite.class.php 第 48 行.
NOTIC: [8] Undefined index: field /Applications/MAMP/htdocs/php-exam/ThinkPHP/Library/Think/Db/Driver/Sqlite.class.php 第 42 行.
NOTIC: [8] Undefined index: field /Applications/MAMP/htdocs/php-exam/ThinkPHP/Library/Think/Db/Driver/Sqlite.class.php 第 43 行.
NOTIC: [8] Undefined index: null /Applications/MAMP/htdocs/php-exam/ThinkPHP/Library/Think/Db/Driver/Sqlite.class.php 第 45 行.
NOTIC: [8] Undefined index: default /Applications/MAMP/htdocs/php-exam/ThinkPHP/Library/Think/Db/Driver/Sqlite.class.php 第 46 行.
NOTIC: [8] Undefined index: dey /Applications/MAMP/htdocs/php-exam/ThinkPHP/Library/Think/Db/Driver/Sqlite.class.php 第 47 行.
NOTIC: [8] Undefined index: extra /Applications/MAMP/htdocs/php-exam/ThinkPHP/Library/Think/Db/Driver/Sqlite.class.php 第 48 行.
NOTIC: [8] Undefined index: field /Applications/MAMP/htdocs/php-exam/ThinkPHP/Library/Think/Db/Driver/Sqlite.class.php 第 42 行.
NOTIC: [8] Undefined index: field /Applications/MAMP/htdocs/php-exam/ThinkPHP/Library/Think/Db/Driver/Sqlite.class.php 第 43 行.
NOTIC: [8] Undefined index: null /Applications/MAMP/htdocs/php-exam/ThinkPHP/Library/Think/Db/Driver/Sqlite.class.php 第 45 行.
NOTIC: [8] Undefined index: default /Applications/MAMP/htdocs/php-exam/ThinkPHP/Library/Think/Db/Driver/Sqlite.class.php 第 46 行.
NOTIC: [8] Undefined index: dey /Applications/MAMP/htdocs/php-exam/ThinkPHP/Library/Think/Db/Driver/Sqlite.class.php 第 47 行.
NOTIC: [8] Undefined index: extra /Applications/MAMP/htdocs/php-exam/ThinkPHP/Library/Think/Db/Driver/Sqlite.class.php 第 48 行.
NOTIC: [8] Undefined index: field /Applications/MAMP/htdocs/php-exam/ThinkPHP/Library/Think/Db/Driver/Sqlite.class.php 第 42 行.
NOTIC: [8] Undefined index: field /Applications/MAMP/htdocs/php-exam/ThinkPHP/Library/Think/Db/Driver/Sqlite.class.php 第 43 行.
NOTIC: [8] Undefined index: null /Applications/MAMP/htdocs/php-exam/ThinkPHP/Library/Think/Db/Driver/Sqlite.class.php 第 45 行.
NOTIC: [8] Undefined index: default /Applications/MAMP/htdocs/php-exam/ThinkPHP/Library/Think/Db/Driver/Sqlite.class.php 第 46 行.
NOTIC: [8] Undefined index: dey /Applications/MAMP/htdocs/php-exam/ThinkPHP/Library/Think/Db/Driver/Sqlite.class.php 第 47 行.
NOTIC: [8] Undefined index: extra /Applications/MAMP/htdocs/php-exam/ThinkPHP/Library/Think/Db/Driver/Sqlite.class.php 第 48 行.
SQL: SELECT * FROM article  [ RunTime:0.0001s ]
ERR: 模板不存在:./Application/Api/View/GetArticle/index.html

[ 2017-07-30T22:07:11+08:00 ] 127.0.0.1 /php-exam/index.php/api/getArticle
INFO: [ app_init ] --START--
INFO: Run Behavior\BuildLiteBehavior [ RunTime:0.000013s ]
INFO: [ app_init ] --END-- [ RunTime:0.000355s ]
INFO: [ app_begin ] --START--
INFO: Run Behavior\ReadHtmlCacheBehavior [ RunTime:0.000496s ]
INFO: [ app_begin ] --END-- [ RunTime:0.000535s ]
ERR: 非法操作:index

[ 2017-07-30T22:07:18+08:00 ] 127.0.0.1 /php-exam/index.php/api/getArticle/all
INFO: [ app_init ] --START--
INFO: Run Behavior\BuildLiteBehavior [ RunTime:0.000011s ]
INFO: [ app_init ] --END-- [ RunTime:0.000297s ]
INFO: [ app_begin ] --START--
INFO: Run Behavior\ReadHtmlCacheBehavior [ RunTime:0.000384s ]
INFO: [ app_begin ] --END-- [ RunTime:0.000433s ]
NOTIC: [8] Use of undefined constant all - assumed 'all' /Applications/MAMP/htdocs/php-exam/Application/Api/Controller/GetArticleController.class.php 第 6 行.
INFO: [ app_end ] --START--
INFO: Run Behavior\ShowPageTraceBehavior [ RunTime:0.000522s ]
INFO: [ app_end ] --END-- [ RunTime:0.000555s ]

[ 2017-07-30T22:07:31+08:00 ] 127.0.0.1 /php-exam/index.php/api/getArticle/all
INFO: [ app_init ] --START--
INFO: Run Behavior\BuildLiteBehavior [ RunTime:0.000015s ]
INFO: [ app_init ] --END-- [ RunTime:0.000334s ]
INFO: [ app_begin ] --START--
INFO: Run Behavior\ReadHtmlCacheBehavior [ RunTime:0.000423s ]
INFO: [ app_begin ] --END-- [ RunTime:0.000461s ]
NOTIC: [8] Use of undefined constant all - assumed 'all' /Applications/MAMP/htdocs/php-exam/Application/Api/Controller/GetArticleController.class.php 第 6 行.
INFO: [ app_end ] --START--
INFO: Run Behavior\ShowPageTraceBehavior [ RunTime:0.000458s ]
INFO: [ app_end ] --END-- [ RunTime:0.000494s ]

[ 2017-07-30T22:07:35+08:00 ] 127.0.0.1 /php-exam/index.php/api/getArticle/id
INFO: [ app_init ] --START--
INFO: Run Behavior\BuildLiteBehavior [ RunTime:0.000012s ]
INFO: [ app_init ] --END-- [ RunTime:0.000347s ]
INFO: [ app_begin ] --START--
INFO: Run Behavior\ReadHtmlCacheBehavior [ RunTime:0.000407s ]
INFO: [ app_begin ] --END-- [ RunTime:0.000446s ]
ERR: 模板不存在:./Application/Api/View/GetArticle/id.html

[ 2017-07-30T22:08:45+08:00 ] 127.0.0.1 /php-exam/index.php/api/getArticle/id
INFO: [ app_init ] --START--
INFO: Run Behavior\BuildLiteBehavior [ RunTime:0.000012s ]
INFO: [ app_init ] --END-- [ RunTime:0.000324s ]
INFO: [ app_begin ] --START--
INFO: Run Behavior\ReadHtmlCacheBehavior [ RunTime:0.000418s ]
INFO: [ app_begin ] --END-- [ RunTime:0.000458s ]

[ 2017-07-30T22:08:57+08:00 ] 127.0.0.1 /php-exam/index.php/api/getArticle/id
INFO: [ app_init ] --START--
INFO: Run Behavior\BuildLiteBehavior [ RunTime:0.000013s ]
INFO: [ app_init ] --END-- [ RunTime:0.000365s ]
INFO: [ app_begin ] --START--
INFO: Run Behavior\ReadHtmlCacheBehavior [ RunTime:0.000468s ]
INFO: [ app_begin ] --END-- [ RunTime:0.000529s ]
ERR: syntax error, unexpected '=', expecting ']'

[ 2017-07-30T22:09:01+08:00 ] 127.0.0.1 /php-exam/index.php/api/getArticle/id
INFO: [ app_init ] --START--
INFO: Run Behavior\BuildLiteBehavior [ RunTime:0.000012s ]
INFO: [ app_init ] --END-- [ RunTime:0.000327s ]
INFO: [ app_begin ] --START--
INFO: Run Behavior\ReadHtmlCacheBehavior [ RunTime:0.000424s ]
INFO: [ app_begin ] --END-- [ RunTime:0.000462s ]
NOTIC: [8] Use of undefined constant status - assumed 'status' /Applications/MAMP/htdocs/php-exam/Application/Api/Controller/GetArticleController.class.php 第 11 行.

[ 2017-07-30T22:09:08+08:00 ] 127.0.0.1 /php-exam/index.php/api/getArticle/id
INFO: [ app_init ] --START--
INFO: Run Behavior\BuildLiteBehavior [ RunTime:0.000027s ]
INFO: [ app_init ] --END-- [ RunTime:0.000530s ]
INFO: [ app_begin ] --START--
INFO: Run Behavior\ReadHtmlCacheBehavior [ RunTime:0.000606s ]
INFO: [ app_begin ] --END-- [ RunTime:0.000657s ]
NOTIC: [8] Use of undefined constant status - assumed 'status' /Applications/MAMP/htdocs/php-exam/Application/Api/Controller/GetArticleController.class.php 第 11 行.

[ 2017-07-30T22:09:15+08:00 ] 127.0.0.1 /php-exam/index.php/api/getArticle/id/1
INFO: [ app_init ] --START--
INFO: Run Behavior\BuildLiteBehavior [ RunTime:0.000014s ]
INFO: [ app_init ] --END-- [ RunTime:0.000336s ]
INFO: [ app_begin ] --START--
INFO: Run Behavior\ReadHtmlCacheBehavior [ RunTime:0.000432s ]
INFO: [ app_begin ] --END-- [ RunTime:0.000473s ]
NOTIC: [8] Use of undefined constant status - assumed 'status' /Applications/MAMP/htdocs/php-exam/Application/Api/Controller/GetArticleController.class.php 第 11 行.

[ 2017-07-30T22:09:20+08:00 ] 127.0.0.1 /php-exam/index.php/api/getArticle/id/1
INFO: [ app_init ] --START--
INFO: Run Behavior\BuildLiteBehavior [ RunTime:0.000011s ]
INFO: [ app_init ] --END-- [ RunTime:0.000315s ]
INFO: [ app_begin ] --START--
INFO: Run Behavior\ReadHtmlCacheBehavior [ RunTime:0.000421s ]
INFO: [ app_begin ] --END-- [ RunTime:0.000459s ]
NOTIC: [8] Use of undefined constant status - assumed 'status' /Applications/MAMP/htdocs/php-exam/Application/Api/Controller/GetArticleController.class.php 第 11 行.

[ 2017-07-30T22:09:23+08:00 ] 127.0.0.1 /php-exam/index.php/api/getArticle/id/1
INFO: [ app_init ] --START--
INFO: Run Behavior\BuildLiteBehavior [ RunTime:0.000013s ]
INFO: [ app_init ] --END-- [ RunTime:0.000376s ]
INFO: [ app_begin ] --START--
INFO: Run Behavior\ReadHtmlCacheBehavior [ RunTime:0.000445s ]
INFO: [ app_begin ] --END-- [ RunTime:0.000484s ]
NOTIC: [8] Use of undefined constant status - assumed 'status' /Applications/MAMP/htdocs/php-exam/Application/Api/Controller/GetArticleController.class.php 第 11 行.

[ 2017-07-30T22:09:31+08:00 ] 127.0.0.1 /php-exam/index.php/api/getArticle/id/1
INFO: [ app_init ] --START--
INFO: Run Behavior\BuildLiteBehavior [ RunTime:0.000012s ]
INFO: [ app_init ] --END-- [ RunTime:0.000326s ]
INFO: [ app_begin ] --START--
INFO: Run Behavior\ReadHtmlCacheBehavior [ RunTime:0.000420s ]
INFO: [ app_begin ] --END-- [ RunTime:0.000459s ]
INFO: [ app_end ] --START--
INFO: Run Behavior\ShowPageTraceBehavior [ RunTime:0.000459s ]
INFO: [ app_end ] --END-- [ RunTime:0.000498s ]

[ 2017-07-30T22:09:39+08:00 ] 127.0.0.1 /php-exam/index.php/api/getArticle/id/1
INFO: [ app_init ] --START--
INFO: Run Behavior\BuildLiteBehavior [ RunTime:0.000012s ]
INFO: [ app_init ] --END-- [ RunTime:0.000329s ]
INFO: [ app_begin ] --START--
INFO: Run Behavior\ReadHtmlCacheBehavior [ RunTime:0.000421s ]
INFO: [ app_begin ] --END-- [ RunTime:0.000460s ]
INFO: [ app_end ] --START--
INFO: Run Behavior\ShowPageTraceBehavior [ RunTime:0.000463s ]
INFO: [ app_end ] --END-- [ RunTime:0.000504s ]

[ 2017-07-30T22:09:46+08:00 ] 127.0.0.1 /php-exam/index.php/api/getArticle/id/0
INFO: [ app_init ] --START--
INFO: Run Behavior\BuildLiteBehavior [ RunTime:0.000012s ]
INFO: [ app_init ] --END-- [ RunTime:0.000334s ]
INFO: [ app_begin ] --START--
INFO: Run Behavior\ReadHtmlCacheBehavior [ RunTime:0.000431s ]
INFO: [ app_begin ] --END-- [ RunTime:0.000470s ]
INFO: [ app_end ] --START--
INFO: Run Behavior\ShowPageTraceBehavior [ RunTime:0.000469s ]
INFO: [ app_end ] --END-- [ RunTime:0.000511s ]

[ 2017-07-30T22:09:48+08:00 ] 127.0.0.1 /php-exam/index.php/api/getArticle/id/99
INFO: [ app_init ] --START--
INFO: Run Behavior\BuildLiteBehavior [ RunTime:0.000010s ]
INFO: [ app_init ] --END-- [ RunTime:0.000283s ]
INFO: [ app_begin ] --START--
INFO: Run Behavior\ReadHtmlCacheBehavior [ RunTime:0.000407s ]
INFO: [ app_begin ] --END-- [ RunTime:0.000442s ]
INFO: [ app_end ] --START--
INFO: Run Behavior\ShowPageTraceBehavior [ RunTime:0.000432s ]
INFO: [ app_end ] --END-- [ RunTime:0.000469s ]

[ 2017-07-30T22:09:50+08:00 ] 127.0.0.1 /php-exam/index.php/api/getArticle/id/1
INFO: [ app_init ] --START--
INFO: Run Behavior\BuildLiteBehavior [ RunTime:0.000012s ]
INFO: [ app_init ] --END-- [ RunTime:0.000319s ]
INFO: [ app_begin ] --START--
INFO: Run Behavior\ReadHtmlCacheBehavior [ RunTime:0.000408s ]
INFO: [ app_begin ] --END-- [ RunTime:0.000445s ]
INFO: [ app_end ] --START--
INFO: Run Behavior\ShowPageTraceBehavior [ RunTime:0.000443s ]
INFO: [ app_end ] --END-- [ RunTime:0.000481s ]

[ 2017-07-30T22:09:53+08:00 ] 127.0.0.1 /php-exam/index.php/api/getArticle/id/1
INFO: [ app_init ] --START--
INFO: Run Behavior\BuildLiteBehavior [ RunTime:0.000013s ]
INFO: [ app_init ] --END-- [ RunTime:0.000363s ]
INFO: [ app_begin ] --START--
INFO: Run Behavior\ReadHtmlCacheBehavior [ RunTime:0.000725s ]
INFO: [ app_begin ] --END-- [ RunTime:0.000809s ]
NOTIC: [8] Use of undefined constant status - assumed 'status' /Applications/MAMP/htdocs/php-exam/Application/Api/Controller/GetArticleController.class.php 第 11 行.

[ 2017-07-30T22:10:12+08:00 ] 127.0.0.1 /php-exam/index.php/api/getArticle/id
INFO: [ app_init ] --START--
INFO: Run Behavior\BuildLiteBehavior [ RunTime:0.000012s ]
INFO: [ app_init ] --END-- [ RunTime:0.000341s ]
INFO: [ app_begin ] --START--
INFO: Run Behavior\ReadHtmlCacheBehavior [ RunTime:0.000401s ]
INFO: [ app_begin ] --END-- [ RunTime:0.000438s ]
NOTIC: [8] Use of undefined constant status - assumed 'status' /Applications/MAMP/htdocs/php-exam/Application/Api/Controller/GetArticleController.class.php 第 11 行.

[ 2017-07-30T22:10:16+08:00 ] 127.0.0.1 /php-exam/index.php/api/getArticle/id
INFO: [ app_init ] --START--
INFO: Run Behavior\BuildLiteBehavior [ RunTime:0.000014s ]
INFO: [ app_init ] --END-- [ RunTime:0.000396s ]
INFO: [ app_begin ] --START--
INFO: Run Behavior\ReadHtmlCacheBehavior [ RunTime:0.000464s ]
INFO: [ app_begin ] --END-- [ RunTime:0.000509s ]
INFO: [ app_end ] --START--
INFO: Run Behavior\ShowPageTraceBehavior [ RunTime:0.000483s ]
INFO: [ app_end ] --END-- [ RunTime:0.000522s ]

[ 2017-07-30T22:10:20+08:00 ] 127.0.0.1 /php-exam/index.php/api/getArticle/id/1
INFO: [ app_init ] --START--
INFO: Run Behavior\BuildLiteBehavior [ RunTime:0.000013s ]
INFO: [ app_init ] --END-- [ RunTime:0.000384s ]
INFO: [ app_begin ] --START--
INFO: Run Behavior\ReadHtmlCacheBehavior [ RunTime:0.000580s ]
INFO: [ app_begin ] --END-- [ RunTime:0.000622s ]
INFO: [ app_end ] --START--
INFO: Run Behavior\ShowPageTraceBehavior [ RunTime:0.000450s ]
INFO: [ app_end ] --END-- [ RunTime:0.000490s ]

[ 2017-07-30T22:10:31+08:00 ] 127.0.0.1 /php-exam/index.php/api/getArticle/id/1
INFO: [ app_init ] --START--
INFO: Run Behavior\BuildLiteBehavior [ RunTime:0.000012s ]
INFO: [ app_init ] --END-- [ RunTime:0.000331s ]
INFO: [ app_begin ] --START--
INFO: Run Behavior\ReadHtmlCacheBehavior [ RunTime:0.000580s ]
INFO: [ app_begin ] --END-- [ RunTime:0.000633s ]
ERR: syntax error, unexpected '{'

[ 2017-07-30T22:10:44+08:00 ] 127.0.0.1 /php-exam/index.php/api/getArticle/id/1
INFO: [ app_init ] --START--
INFO: Run Behavior\BuildLiteBehavior [ RunTime:0.000019s ]
INFO: [ app_init ] --END-- [ RunTime:0.000443s ]
INFO: [ app_begin ] --START--
INFO: Run Behavior\ReadHtmlCacheBehavior [ RunTime:0.000603s ]
INFO: [ app_begin ] --END-- [ RunTime:0.000670s ]

[ 2017-07-30T22:11:01+08:00 ] 127.0.0.1 /php-exam/index.php/api/getArticle/id/1
INFO: [ app_init ] --START--
INFO: Run Behavior\BuildLiteBehavior [ RunTime:0.000013s ]
INFO: [ app_init ] --END-- [ RunTime:0.000404s ]
INFO: [ app_begin ] --START--
INFO: Run Behavior\ReadHtmlCacheBehavior [ RunTime:0.000558s ]
INFO: [ app_begin ] --END-- [ RunTime:0.000607s ]
INFO: [ app_end ] --START--
INFO: Run Behavior\ShowPageTraceBehavior [ RunTime:0.000491s ]
INFO: [ app_end ] --END-- [ RunTime:0.000534s ]

[ 2017-07-30T22:11:10+08:00 ] 127.0.0.1 /php-exam/index.php/api/getArticle/id/1
INFO: [ app_init ] --START--
INFO: Run Behavior\BuildLiteBehavior [ RunTime:0.000013s ]
INFO: [ app_init ] --END-- [ RunTime:0.000601s ]
INFO: [ app_begin ] --START--
INFO: Run Behavior\ReadHtmlCacheBehavior [ RunTime:0.000476s ]
INFO: [ app_begin ] --END-- [ RunTime:0.000522s ]
NOTIC: [8] Use of undefined constant status - assumed 'status' /Applications/MAMP/htdocs/php-exam/Application/Api/Controller/GetArticleController.class.php 第 11 行.

[ 2017-07-30T22:11:18+08:00 ] 127.0.0.1 /php-exam/index.php/api/getArticle/id/1
INFO: [ app_init ] --START--
INFO: Run Behavior\BuildLiteBehavior [ RunTime:0.000030s ]
INFO: [ app_init ] --END-- [ RunTime:0.000397s ]
INFO: [ app_begin ] --START--
INFO: Run Behavior\ReadHtmlCacheBehavior [ RunTime:0.000405s ]
INFO: [ app_begin ] --END-- [ RunTime:0.000441s ]
INFO: [ app_end ] --START--
INFO: Run Behavior\ShowPageTraceBehavior [ RunTime:0.000420s ]
INFO: [ app_end ] --END-- [ RunTime:0.000457s ]

[ 2017-07-30T22:11:28+08:00 ] 127.0.0.1 /php-exam/index.php/api/getArticle/id
INFO: [ app_init ] --START--
INFO: Run Behavior\BuildLiteBehavior [ RunTime:0.000012s ]
INFO: [ app_init ] --END-- [ RunTime:0.000338s ]
INFO: [ app_begin ] --START--
INFO: Run Behavior\ReadHtmlCacheBehavior [ RunTime:0.000431s ]
INFO: [ app_begin ] --END-- [ RunTime:0.000470s ]
INFO: [ app_end ] --START--
INFO: Run Behavior\ShowPageTraceBehavior [ RunTime:0.000479s ]
INFO: [ app_end ] --END-- [ RunTime:0.000523s ]

[ 2017-07-30T22:11:31+08:00 ] 127.0.0.1 /php-exam/index.php/api/getArticle/id/1
INFO: [ app_init ] --START--
INFO: Run Behavior\BuildLiteBehavior [ RunTime:0.000014s ]
INFO: [ app_init ] --END-- [ RunTime:0.000343s ]
INFO: [ app_begin ] --START--
INFO: Run Behavior\ReadHtmlCacheBehavior [ RunTime:0.000436s ]
INFO: [ app_begin ] --END-- [ RunTime:0.000475s ]
INFO: [ app_end ] --START--
INFO: Run Behavior\ShowPageTraceBehavior [ RunTime:0.000585s ]
INFO: [ app_end ] --END-- [ RunTime:0.000648s ]

[ 2017-07-30T22:11:41+08:00 ] 127.0.0.1 /php-exam/index.php/api/getArticle/id/1
INFO: [ app_init ] --START--
INFO: Run Behavior\BuildLiteBehavior [ RunTime:0.000012s ]
INFO: [ app_init ] --END-- [ RunTime:0.000347s ]
INFO: [ app_begin ] --START--
INFO: Run Behavior\ReadHtmlCacheBehavior [ RunTime:0.000446s ]
INFO: [ app_begin ] --END-- [ RunTime:0.000485s ]
ERR: 非法操作:id

[ 2017-07-30T22:11:44+08:00 ] 127.0.0.1 /php-exam/index.php/api/getArticle/id
INFO: [ app_init ] --START--
INFO: Run Behavior\BuildLiteBehavior [ RunTime:0.000013s ]
INFO: [ app_init ] --END-- [ RunTime:0.000332s ]
INFO: [ app_begin ] --START--
INFO: Run Behavior\ReadHtmlCacheBehavior [ RunTime:0.000432s ]
INFO: [ app_begin ] --END-- [ RunTime:0.000470s ]
ERR: 非法操作:id

[ 2017-07-30T22:11:49+08:00 ] 127.0.0.1 /php-exam/index.php/api/getArticle/article/1
INFO: [ app_init ] --START--
INFO: Run Behavior\BuildLiteBehavior [ RunTime:0.000015s ]
INFO: [ app_init ] --END-- [ RunTime:0.000531s ]
INFO: [ app_begin ] --START--
INFO: Run Behavior\ReadHtmlCacheBehavior [ RunTime:0.000497s ]
INFO: [ app_begin ] --END-- [ RunTime:0.000539s ]
ERR: 非法操作:article

[ 2017-07-30T22:11:55+08:00 ] 127.0.0.1 /php-exam/index.php/api/getArticle/article/1
INFO: [ app_init ] --START--
INFO: Run Behavior\BuildLiteBehavior [ RunTime:0.000012s ]
INFO: [ app_init ] --END-- [ RunTime:0.000319s ]
INFO: [ app_begin ] --START--
INFO: Run Behavior\ReadHtmlCacheBehavior [ RunTime:0.000417s ]
INFO: [ app_begin ] --END-- [ RunTime:0.000456s ]
INFO: [ app_end ] --START--
INFO: Run Behavior\ShowPageTraceBehavior [ RunTime:0.000460s ]
INFO: [ app_end ] --END-- [ RunTime:0.000500s ]

[ 2017-07-30T22:11:56+08:00 ] 127.0.0.1 /php-exam/index.php/api/getArticle/article/
INFO: [ app_init ] --START--
INFO: Run Behavior\BuildLiteBehavior [ RunTime:0.000011s ]
INFO: [ app_init ] --END-- [ RunTime:0.000297s ]
INFO: [ app_begin ] --START--
INFO: Run Behavior\ReadHtmlCacheBehavior [ RunTime:0.000411s ]
INFO: [ app_begin ] --END-- [ RunTime:0.000448s ]
INFO: [ app_end ] --START--
INFO: Run Behavior\ShowPageTraceBehavior [ RunTime:0.000479s ]
INFO: [ app_end ] --END-- [ RunTime:0.000519s ]

[ 2017-07-30T22:11:59+08:00 ] 127.0.0.1 /php-exam/index.php/api/getArticle/article/
INFO: [ app_init ] --START--
INFO: Run Behavior\BuildLiteBehavior [ RunTime:0.000014s ]
INFO: [ app_init ] --END-- [ RunTime:0.000480s ]
INFO: [ app_begin ] --START--
INFO: Run Behavior\ReadHtmlCacheBehavior [ RunTime:0.000994s ]
INFO: [ app_begin ] --END-- [ RunTime:0.001098s ]
NOTIC: [8] Use of undefined constant status - assumed 'status' /Applications/MAMP/htdocs/php-exam/Application/Api/Controller/GetArticleController.class.php 第 11 行.

[ 2017-07-30T22:12:01+08:00 ] 127.0.0.1 /php-exam/index.php/api/getArticle/article/id1
INFO: [ app_init ] --START--
INFO: Run Behavior\BuildLiteBehavior [ RunTime:0.000013s ]
INFO: [ app_init ] --END-- [ RunTime:0.000361s ]
INFO: [ app_begin ] --START--
INFO: Run Behavior\ReadHtmlCacheBehavior [ RunTime:0.000420s ]
INFO: [ app_begin ] --END-- [ RunTime:0.000457s ]
NOTIC: [8] Use of undefined constant status - assumed 'status' /Applications/MAMP/htdocs/php-exam/Application/Api/Controller/GetArticleController.class.php 第 11 行.

[ 2017-07-30T22:12:03+08:00 ] 127.0.0.1 /php-exam/index.php/api/getArticle/article/id/1
INFO: [ app_init ] --START--
INFO: Run Behavior\BuildLiteBehavior [ RunTime:0.000011s ]
INFO: [ app_init ] --END-- [ RunTime:0.000320s ]
INFO: [ app_begin ] --START--
INFO: Run Behavior\ReadHtmlCacheBehavior [ RunTime:0.000418s ]
INFO: [ app_begin ] --END-- [ RunTime:0.000457s ]
INFO: [ app_end ] --START--
INFO: Run Behavior\ShowPageTraceBehavior [ RunTime:0.000488s ]
INFO: [ app_end ] --END-- [ RunTime:0.000529s ]

[ 2017-07-30T22:12:37+08:00 ] 127.0.0.1 /php-exam/index.php/api/getArticle/article/id/1
INFO: [ app_init ] --START--
INFO: Run Behavior\BuildLiteBehavior [ RunTime:0.000014s ]
INFO: [ app_init ] --END-- [ RunTime:0.000356s ]
INFO: [ app_begin ] --START--
INFO: Run Behavior\ReadHtmlCacheBehavior [ RunTime:0.000635s ]
INFO: [ app_begin ] --END-- [ RunTime:0.000697s ]
INFO: [ app_end ] --START--
INFO: Run Behavior\ShowPageTraceBehavior [ RunTime:0.000689s ]
INFO: [ app_end ] --END-- [ RunTime:0.000750s ]

[ 2017-07-30T22:12:40+08:00 ] 127.0.0.1 /php-exam/index.php/api/getArticle/article/all
INFO: [ app_init ] --START--
INFO: Run Behavior\BuildLiteBehavior [ RunTime:0.000012s ]
INFO: [ app_init ] --END-- [ RunTime:0.000320s ]
INFO: [ app_begin ] --START--
INFO: Run Behavior\ReadHtmlCacheBehavior [ RunTime:0.000406s ]
INFO: [ app_begin ] --END-- [ RunTime:0.000444s ]
NOTIC: [8] Use of undefined constant status - assumed 'status' /Applications/MAMP/htdocs/php-exam/Application/Api/Controller/GetArticleController.class.php 第 11 行.

[ 2017-07-30T22:12:44+08:00 ] 127.0.0.1 /php-exam/index.php/api/getArticle/all
INFO: [ app_init ] --START--
INFO: Run Behavior\BuildLiteBehavior [ RunTime:0.000012s ]
INFO: [ app_init ] --END-- [ RunTime:0.000305s ]
INFO: [ app_begin ] --START--
INFO: Run Behavior\ReadHtmlCacheBehavior [ RunTime:0.000398s ]
INFO: [ app_begin ] --END-- [ RunTime:0.000436s ]
SQL: PRAGMA table_info( article ) [ RunTime:0.0002s ]
NOTIC: [8] Undefined index: field /Applications/MAMP/htdocs/php-exam/ThinkPHP/Library/Think/Db/Driver/Sqlite.class.php 第 42 行.
NOTIC: [8] Undefined index: field /Applications/MAMP/htdocs/php-exam/ThinkPHP/Library/Think/Db/Driver/Sqlite.class.php 第 43 行.
NOTIC: [8] Undefined index: null /Applications/MAMP/htdocs/php-exam/ThinkPHP/Library/Think/Db/Driver/Sqlite.class.php 第 45 行.
NOTIC: [8] Undefined index: default /Applications/MAMP/htdocs/php-exam/ThinkPHP/Library/Think/Db/Driver/Sqlite.class.php 第 46 行.
NOTIC: [8] Undefined index: dey /Applications/MAMP/htdocs/php-exam/ThinkPHP/Library/Think/Db/Driver/Sqlite.class.php 第 47 行.
NOTIC: [8] Undefined index: extra /Applications/MAMP/htdocs/php-exam/ThinkPHP/Library/Think/Db/Driver/Sqlite.class.php 第 48 行.
NOTIC: [8] Undefined index: field /Applications/MAMP/htdocs/php-exam/ThinkPHP/Library/Think/Db/Driver/Sqlite.class.php 第 42 行.
NOTIC: [8] Undefined index: field /Applications/MAMP/htdocs/php-exam/ThinkPHP/Library/Think/Db/Driver/Sqlite.class.php 第 43 行.
NOTIC: [8] Undefined index: null /Applications/MAMP/htdocs/php-exam/ThinkPHP/Library/Think/Db/Driver/Sqlite.class.php 第 45 行.
NOTIC: [8] Undefined index: default /Applications/MAMP/htdocs/php-exam/ThinkPHP/Library/Think/Db/Driver/Sqlite.class.php 第 46 行.
NOTIC: [8] Undefined index: dey /Applications/MAMP/htdocs/php-exam/ThinkPHP/Library/Think/Db/Driver/Sqlite.class.php 第 47 行.
NOTIC: [8] Undefined index: extra /Applications/MAMP/htdocs/php-exam/ThinkPHP/Library/Think/Db/Driver/Sqlite.class.php 第 48 行.
NOTIC: [8] Undefined index: field /Applications/MAMP/htdocs/php-exam/ThinkPHP/Library/Think/Db/Driver/Sqlite.class.php 第 42 行.
NOTIC: [8] Undefined index: field /Applications/MAMP/htdocs/php-exam/ThinkPHP/Library/Think/Db/Driver/Sqlite.class.php 第 43 行.
NOTIC: [8] Undefined index: null /Applications/MAMP/htdocs/php-exam/ThinkPHP/Library/Think/Db/Driver/Sqlite.class.php 第 45 行.
NOTIC: [8] Undefined index: default /Applications/MAMP/htdocs/php-exam/ThinkPHP/Library/Think/Db/Driver/Sqlite.class.php 第 46 行.
NOTIC: [8] Undefined index: dey /Applications/MAMP/htdocs/php-exam/ThinkPHP/Library/Think/Db/Driver/Sqlite.class.php 第 47 行.
NOTIC: [8] Undefined index: extra /Applications/MAMP/htdocs/php-exam/ThinkPHP/Library/Think/Db/Driver/Sqlite.class.php 第 48 行.
NOTIC: [8] Undefined index: field /Applications/MAMP/htdocs/php-exam/ThinkPHP/Library/Think/Db/Driver/Sqlite.class.php 第 42 行.
NOTIC: [8] Undefined index: field /Applications/MAMP/htdocs/php-exam/ThinkPHP/Library/Think/Db/Driver/Sqlite.class.php 第 43 行.
NOTIC: [8] Undefined index: null /Applications/MAMP/htdocs/php-exam/ThinkPHP/Library/Think/Db/Driver/Sqlite.class.php 第 45 行.
NOTIC: [8] Undefined index: default /Applications/MAMP/htdocs/php-exam/ThinkPHP/Library/Think/Db/Driver/Sqlite.class.php 第 46 行.
NOTIC: [8] Undefined index: dey /Applications/MAMP/htdocs/php-exam/ThinkPHP/Library/Think/Db/Driver/Sqlite.class.php 第 47 行.
NOTIC: [8] Undefined index: extra /Applications/MAMP/htdocs/php-exam/ThinkPHP/Library/Think/Db/Driver/Sqlite.class.php 第 48 行.
NOTIC: [8] Undefined index: field /Applications/MAMP/htdocs/php-exam/ThinkPHP/Library/Think/Db/Driver/Sqlite.class.php 第 42 行.
NOTIC: [8] Undefined index: field /Applications/MAMP/htdocs/php-exam/ThinkPHP/Library/Think/Db/Driver/Sqlite.class.php 第 43 行.
NOTIC: [8] Undefined index: null /Applications/MAMP/htdocs/php-exam/ThinkPHP/Library/Think/Db/Driver/Sqlite.class.php 第 45 行.
NOTIC: [8] Undefined index: default /Applications/MAMP/htdocs/php-exam/ThinkPHP/Library/Think/Db/Driver/Sqlite.class.php 第 46 行.
NOTIC: [8] Undefined index: dey /Applications/MAMP/htdocs/php-exam/ThinkPHP/Library/Think/Db/Driver/Sqlite.class.php 第 47 行.
NOTIC: [8] Undefined index: extra /Applications/MAMP/htdocs/php-exam/ThinkPHP/Library/Think/Db/Driver/Sqlite.class.php 第 48 行.
SQL: SELECT * FROM article  [ RunTime:0.0001s ]
INFO: [ app_end ] --START--
INFO: Run Behavior\ShowPageTraceBehavior [ RunTime:0.000592s ]
INFO: [ app_end ] --END-- [ RunTime:0.000636s ]

[ 2017-07-30T22:13:50+08:00 ] 127.0.0.1 /php-exam/index.php/api/getArticle/all
INFO: [ app_init ] --START--
INFO: Run Behavior\BuildLiteBehavior [ RunTime:0.000149s ]
INFO: [ app_init ] --END-- [ RunTime:0.000773s ]
INFO: [ app_begin ] --START--
INFO: Run Behavior\ReadHtmlCacheBehavior [ RunTime:0.000609s ]
INFO: [ app_begin ] --END-- [ RunTime:0.000690s ]
SQL: PRAGMA table_info( article ) [ RunTime:0.0002s ]
NOTIC: [8] Undefined index: field /Applications/MAMP/htdocs/php-exam/ThinkPHP/Library/Think/Db/Driver/Sqlite.class.php 第 42 行.
NOTIC: [8] Undefined index: field /Applications/MAMP/htdocs/php-exam/ThinkPHP/Library/Think/Db/Driver/Sqlite.class.php 第 43 行.
NOTIC: [8] Undefined index: null /Applications/MAMP/htdocs/php-exam/ThinkPHP/Library/Think/Db/Driver/Sqlite.class.php 第 45 行.
NOTIC: [8] Undefined index: default /Applications/MAMP/htdocs/php-exam/ThinkPHP/Library/Think/Db/Driver/Sqlite.class.php 第 46 行.
NOTIC: [8] Undefined index: dey /Applications/MAMP/htdocs/php-exam/ThinkPHP/Library/Think/Db/Driver/Sqlite.class.php 第 47 行.
NOTIC: [8] Undefined index: extra /Applications/MAMP/htdocs/php-exam/ThinkPHP/Library/Think/Db/Driver/Sqlite.class.php 第 48 行.
NOTIC: [8] Undefined index: field /Applications/MAMP/htdocs/php-exam/ThinkPHP/Library/Think/Db/Driver/Sqlite.class.php 第 42 行.
NOTIC: [8] Undefined index: field /Applications/MAMP/htdocs/php-exam/ThinkPHP/Library/Think/Db/Driver/Sqlite.class.php 第 43 行.
NOTIC: [8] Undefined index: null /Applications/MAMP/htdocs/php-exam/ThinkPHP/Library/Think/Db/Driver/Sqlite.class.php 第 45 行.
NOTIC: [8] Undefined index: default /Applications/MAMP/htdocs/php-exam/ThinkPHP/Library/Think/Db/Driver/Sqlite.class.php 第 46 行.
NOTIC: [8] Undefined index: dey /Applications/MAMP/htdocs/php-exam/ThinkPHP/Library/Think/Db/Driver/Sqlite.class.php 第 47 行.
NOTIC: [8] Undefined index: extra /Applications/MAMP/htdocs/php-exam/ThinkPHP/Library/Think/Db/Driver/Sqlite.class.php 第 48 行.
NOTIC: [8] Undefined index: field /Applications/MAMP/htdocs/php-exam/ThinkPHP/Library/Think/Db/Driver/Sqlite.class.php 第 42 行.
NOTIC: [8] Undefined index: field /Applications/MAMP/htdocs/php-exam/ThinkPHP/Library/Think/Db/Driver/Sqlite.class.php 第 43 行.
NOTIC: [8] Undefined index: null /Applications/MAMP/htdocs/php-exam/ThinkPHP/Library/Think/Db/Driver/Sqlite.class.php 第 45 行.
NOTIC: [8] Undefined index: default /Applications/MAMP/htdocs/php-exam/ThinkPHP/Library/Think/Db/Driver/Sqlite.class.php 第 46 行.
NOTIC: [8] Undefined index: dey /Applications/MAMP/htdocs/php-exam/ThinkPHP/Library/Think/Db/Driver/Sqlite.class.php 第 47 行.
NOTIC: [8] Undefined index: extra /Applications/MAMP/htdocs/php-exam/ThinkPHP/Library/Think/Db/Driver/Sqlite.class.php 第 48 行.
NOTIC: [8] Undefined index: field /Applications/MAMP/htdocs/php-exam/ThinkPHP/Library/Think/Db/Driver/Sqlite.class.php 第 42 行.
NOTIC: [8] Undefined index: field /Applications/MAMP/htdocs/php-exam/ThinkPHP/Library/Think/Db/Driver/Sqlite.class.php 第 43 行.
NOTIC: [8] Undefined index: null /Applications/MAMP/htdocs/php-exam/ThinkPHP/Library/Think/Db/Driver/Sqlite.class.php 第 45 行.
NOTIC: [8] Undefined index: default /Applications/MAMP/htdocs/php-exam/ThinkPHP/Library/Think/Db/Driver/Sqlite.class.php 第 46 行.
NOTIC: [8] Undefined index: dey /Applications/MAMP/htdocs/php-exam/ThinkPHP/Library/Think/Db/Driver/Sqlite.class.php 第 47 行.
NOTIC: [8] Undefined index: extra /Applications/MAMP/htdocs/php-exam/ThinkPHP/Library/Think/Db/Driver/Sqlite.class.php 第 48 行.
NOTIC: [8] Undefined index: field /Applications/MAMP/htdocs/php-exam/ThinkPHP/Library/Think/Db/Driver/Sqlite.class.php 第 42 行.
NOTIC: [8] Undefined index: field /Applications/MAMP/htdocs/php-exam/ThinkPHP/Library/Think/Db/Driver/Sqlite.class.php 第 43 行.
NOTIC: [8] Undefined index: null /Applications/MAMP/htdocs/php-exam/ThinkPHP/Library/Think/Db/Driver/Sqlite.class.php 第 45 行.
NOTIC: [8] Undefined index: default /Applications/MAMP/htdocs/php-exam/ThinkPHP/Library/Think/Db/Driver/Sqlite.class.php 第 46 行.
NOTIC: [8] Undefined index: dey /Applications/MAMP/htdocs/php-exam/ThinkPHP/Library/Think/Db/Driver/Sqlite.class.php 第 47 行.
NOTIC: [8] Undefined index: extra /Applications/MAMP/htdocs/php-exam/ThinkPHP/Library/Think/Db/Driver/Sqlite.class.php 第 48 行.
SQL: SELECT * FROM article  [ RunTime:0.0001s ]
INFO: [ app_end ] --START--
INFO: Run Behavior\ShowPageTraceBehavior [ RunTime:0.000553s ]
INFO: [ app_end ] --END-- [ RunTime:0.000592s ]

[ 2017-07-30T22:13:54+08:00 ] 127.0.0.1 /php-exam/index.php/api/getArticle/byId/id1
INFO: [ app_init ] --START--
INFO: Run Behavior\BuildLiteBehavior [ RunTime:0.000012s ]
INFO: [ app_init ] --END-- [ RunTime:0.000326s ]
INFO: [ app_begin ] --START--
INFO: Run Behavior\ReadHtmlCacheBehavior [ RunTime:0.000417s ]
INFO: [ app_begin ] --END-- [ RunTime:0.000454s ]
NOTIC: [8] Use of undefined constant status - assumed 'status' /Applications/MAMP/htdocs/php-exam/Application/Api/Controller/GetArticleController.class.php 第 11 行.

[ 2017-07-30T22:13:56+08:00 ] 127.0.0.1 /php-exam/index.php/api/getArticle/byId/id/1
INFO: [ app_init ] --START--
INFO: Run Behavior\BuildLiteBehavior [ RunTime:0.000012s ]
INFO: [ app_init ] --END-- [ RunTime:0.000313s ]
INFO: [ app_begin ] --START--
INFO: Run Behavior\ReadHtmlCacheBehavior [ RunTime:0.000403s ]
INFO: [ app_begin ] --END-- [ RunTime:0.000442s ]
SQL: PRAGMA table_info( article ) [ RunTime:0.0002s ]
NOTIC: [8] Undefined index: field /Applications/MAMP/htdocs/php-exam/ThinkPHP/Library/Think/Db/Driver/Sqlite.class.php 第 42 行.
NOTIC: [8] Undefined index: field /Applications/MAMP/htdocs/php-exam/ThinkPHP/Library/Think/Db/Driver/Sqlite.class.php 第 43 行.
NOTIC: [8] Undefined index: null /Applications/MAMP/htdocs/php-exam/ThinkPHP/Library/Think/Db/Driver/Sqlite.class.php 第 45 行.
NOTIC: [8] Undefined index: default /Applications/MAMP/htdocs/php-exam/ThinkPHP/Library/Think/Db/Driver/Sqlite.class.php 第 46 行.
NOTIC: [8] Undefined index: dey /Applications/MAMP/htdocs/php-exam/ThinkPHP/Library/Think/Db/Driver/Sqlite.class.php 第 47 行.
NOTIC: [8] Undefined index: extra /Applications/MAMP/htdocs/php-exam/ThinkPHP/Library/Think/Db/Driver/Sqlite.class.php 第 48 行.
NOTIC: [8] Undefined index: field /Applications/MAMP/htdocs/php-exam/ThinkPHP/Library/Think/Db/Driver/Sqlite.class.php 第 42 行.
NOTIC: [8] Undefined index: field /Applications/MAMP/htdocs/php-exam/ThinkPHP/Library/Think/Db/Driver/Sqlite.class.php 第 43 行.
NOTIC: [8] Undefined index: null /Applications/MAMP/htdocs/php-exam/ThinkPHP/Library/Think/Db/Driver/Sqlite.class.php 第 45 行.
NOTIC: [8] Undefined index: default /Applications/MAMP/htdocs/php-exam/ThinkPHP/Library/Think/Db/Driver/Sqlite.class.php 第 46 行.
NOTIC: [8] Undefined index: dey /Applications/MAMP/htdocs/php-exam/ThinkPHP/Library/Think/Db/Driver/Sqlite.class.php 第 47 行.
NOTIC: [8] Undefined index: extra /Applications/MAMP/htdocs/php-exam/ThinkPHP/Library/Think/Db/Driver/Sqlite.class.php 第 48 行.
NOTIC: [8] Undefined index: field /Applications/MAMP/htdocs/php-exam/ThinkPHP/Library/Think/Db/Driver/Sqlite.class.php 第 42 行.
NOTIC: [8] Undefined index: field /Applications/MAMP/htdocs/php-exam/ThinkPHP/Library/Think/Db/Driver/Sqlite.class.php 第 43 行.
NOTIC: [8] Undefined index: null /Applications/MAMP/htdocs/php-exam/ThinkPHP/Library/Think/Db/Driver/Sqlite.class.php 第 45 行.
NOTIC: [8] Undefined index: default /Applications/MAMP/htdocs/php-exam/ThinkPHP/Library/Think/Db/Driver/Sqlite.class.php 第 46 行.
NOTIC: [8] Undefined index: dey /Applications/MAMP/htdocs/php-exam/ThinkPHP/Library/Think/Db/Driver/Sqlite.class.php 第 47 行.
NOTIC: [8] Undefined index: extra /Applications/MAMP/htdocs/php-exam/ThinkPHP/Library/Think/Db/Driver/Sqlite.class.php 第 48 行.
NOTIC: [8] Undefined index: field /Applications/MAMP/htdocs/php-exam/ThinkPHP/Library/Think/Db/Driver/Sqlite.class.php 第 42 行.
NOTIC: [8] Undefined index: field /Applications/MAMP/htdocs/php-exam/ThinkPHP/Library/Think/Db/Driver/Sqlite.class.php 第 43 行.
NOTIC: [8] Undefined index: null /Applications/MAMP/htdocs/php-exam/ThinkPHP/Library/Think/Db/Driver/Sqlite.class.php 第 45 行.
NOTIC: [8] Undefined index: default /Applications/MAMP/htdocs/php-exam/ThinkPHP/Library/Think/Db/Driver/Sqlite.class.php 第 46 行.
NOTIC: [8] Undefined index: dey /Applications/MAMP/htdocs/php-exam/ThinkPHP/Library/Think/Db/Driver/Sqlite.class.php 第 47 行.
NOTIC: [8] Undefined index: extra /Applications/MAMP/htdocs/php-exam/ThinkPHP/Library/Think/Db/Driver/Sqlite.class.php 第 48 行.
NOTIC: [8] Undefined index: field /Applications/MAMP/htdocs/php-exam/ThinkPHP/Library/Think/Db/Driver/Sqlite.class.php 第 42 行.
NOTIC: [8] Undefined index: field /Applications/MAMP/htdocs/php-exam/ThinkPHP/Library/Think/Db/Driver/Sqlite.class.php 第 43 行.
NOTIC: [8] Undefined index: null /Applications/MAMP/htdocs/php-exam/ThinkPHP/Library/Think/Db/Driver/Sqlite.class.php 第 45 行.
NOTIC: [8] Undefined index: default /Applications/MAMP/htdocs/php-exam/ThinkPHP/Library/Think/Db/Driver/Sqlite.class.php 第 46 行.
NOTIC: [8] Undefined index: dey /Applications/MAMP/htdocs/php-exam/ThinkPHP/Library/Think/Db/Driver/Sqlite.class.php 第 47 行.
NOTIC: [8] Undefined index: extra /Applications/MAMP/htdocs/php-exam/ThinkPHP/Library/Think/Db/Driver/Sqlite.class.php 第 48 行.
SQL: SELECT * FROM article WHERE ( id = 1 ) LIMIT 1   [ RunTime:0.0019s ]
INFO: [ app_end ] --START--
INFO: Run Behavior\ShowPageTraceBehavior [ RunTime:0.000736s ]
INFO: [ app_end ] --END-- [ RunTime:0.000849s ]

[ 2017-07-30T22:14:02+08:00 ] 127.0.0.1 /php-exam/index.php/api/getArticle/byId/id/2
INFO: [ app_init ] --START--
INFO: Run Behavior\BuildLiteBehavior [ RunTime:0.000011s ]
INFO: [ app_init ] --END-- [ RunTime:0.000312s ]
INFO: [ app_begin ] --START--
INFO: Run Behavior\ReadHtmlCacheBehavior [ RunTime:0.000400s ]
INFO: [ app_begin ] --END-- [ RunTime:0.000437s ]
SQL: PRAGMA table_info( article ) [ RunTime:0.0003s ]
NOTIC: [8] Undefined index: field /Applications/MAMP/htdocs/php-exam/ThinkPHP/Library/Think/Db/Driver/Sqlite.class.php 第 42 行.
NOTIC: [8] Undefined index: field /Applications/MAMP/htdocs/php-exam/ThinkPHP/Library/Think/Db/Driver/Sqlite.class.php 第 43 行.
NOTIC: [8] Undefined index: null /Applications/MAMP/htdocs/php-exam/ThinkPHP/Library/Think/Db/Driver/Sqlite.class.php 第 45 行.
NOTIC: [8] Undefined index: default /Applications/MAMP/htdocs/php-exam/ThinkPHP/Library/Think/Db/Driver/Sqlite.class.php 第 46 行.
NOTIC: [8] Undefined index: dey /Applications/MAMP/htdocs/php-exam/ThinkPHP/Library/Think/Db/Driver/Sqlite.class.php 第 47 行.
NOTIC: [8] Undefined index: extra /Applications/MAMP/htdocs/php-exam/ThinkPHP/Library/Think/Db/Driver/Sqlite.class.php 第 48 行.
NOTIC: [8] Undefined index: field /Applications/MAMP/htdocs/php-exam/ThinkPHP/Library/Think/Db/Driver/Sqlite.class.php 第 42 行.
NOTIC: [8] Undefined index: field /Applications/MAMP/htdocs/php-exam/ThinkPHP/Library/Think/Db/Driver/Sqlite.class.php 第 43 行.
NOTIC: [8] Undefined index: null /Applications/MAMP/htdocs/php-exam/ThinkPHP/Library/Think/Db/Driver/Sqlite.class.php 第 45 行.
NOTIC: [8] Undefined index: default /Applications/MAMP/htdocs/php-exam/ThinkPHP/Library/Think/Db/Driver/Sqlite.class.php 第 46 行.
NOTIC: [8] Undefined index: dey /Applications/MAMP/htdocs/php-exam/ThinkPHP/Library/Think/Db/Driver/Sqlite.class.php 第 47 行.
NOTIC: [8] Undefined index: extra /Applications/MAMP/htdocs/php-exam/ThinkPHP/Library/Think/Db/Driver/Sqlite.class.php 第 48 行.
NOTIC: [8] Undefined index: field /Applications/MAMP/htdocs/php-exam/ThinkPHP/Library/Think/Db/Driver/Sqlite.class.php 第 42 行.
NOTIC: [8] Undefined index: field /Applications/MAMP/htdocs/php-exam/ThinkPHP/Library/Think/Db/Driver/Sqlite.class.php 第 43 行.
NOTIC: [8] Undefined index: null /Applications/MAMP/htdocs/php-exam/ThinkPHP/Library/Think/Db/Driver/Sqlite.class.php 第 45 行.
NOTIC: [8] Undefined index: default /Applications/MAMP/htdocs/php-exam/ThinkPHP/Library/Think/Db/Driver/Sqlite.class.php 第 46 行.
NOTIC: [8] Undefined index: dey /Applications/MAMP/htdocs/php-exam/ThinkPHP/Library/Think/Db/Driver/Sqlite.class.php 第 47 行.
NOTIC: [8] Undefined index: extra /Applications/MAMP/htdocs/php-exam/ThinkPHP/Library/Think/Db/Driver/Sqlite.class.php 第 48 行.
NOTIC: [8] Undefined index: field /Applications/MAMP/htdocs/php-exam/ThinkPHP/Library/Think/Db/Driver/Sqlite.class.php 第 42 行.
NOTIC: [8] Undefined index: field /Applications/MAMP/htdocs/php-exam/ThinkPHP/Library/Think/Db/Driver/Sqlite.class.php 第 43 行.
NOTIC: [8] Undefined index: null /Applications/MAMP/htdocs/php-exam/ThinkPHP/Library/Think/Db/Driver/Sqlite.class.php 第 45 行.
NOTIC: [8] Undefined index: default /Applications/MAMP/htdocs/php-exam/ThinkPHP/Library/Think/Db/Driver/Sqlite.class.php 第 46 行.
NOTIC: [8] Undefined index: dey /Applications/MAMP/htdocs/php-exam/ThinkPHP/Library/Think/Db/Driver/Sqlite.class.php 第 47 行.
NOTIC: [8] Undefined index: extra /Applications/MAMP/htdocs/php-exam/ThinkPHP/Library/Think/Db/Driver/Sqlite.class.php 第 48 行.
NOTIC: [8] Undefined index: field /Applications/MAMP/htdocs/php-exam/ThinkPHP/Library/Think/Db/Driver/Sqlite.class.php 第 42 行.
NOTIC: [8] Undefined index: field /Applications/MAMP/htdocs/php-exam/ThinkPHP/Library/Think/Db/Driver/Sqlite.class.php 第 43 行.
NOTIC: [8] Undefined index: null /Applications/MAMP/htdocs/php-exam/ThinkPHP/Library/Think/Db/Driver/Sqlite.class.php 第 45 行.
NOTIC: [8] Undefined index: default /Applications/MAMP/htdocs/php-exam/ThinkPHP/Library/Think/Db/Driver/Sqlite.class.php 第 46 行.
NOTIC: [8] Undefined index: dey /Applications/MAMP/htdocs/php-exam/ThinkPHP/Library/Think/Db/Driver/Sqlite.class.php 第 47 行.
NOTIC: [8] Undefined index: extra /Applications/MAMP/htdocs/php-exam/ThinkPHP/Library/Think/Db/Driver/Sqlite.class.php 第 48 行.
SQL: SELECT * FROM article WHERE ( id = 2 ) LIMIT 1   [ RunTime:0.0001s ]
INFO: [ app_end ] --START--
INFO: Run Behavior\ShowPageTraceBehavior [ RunTime:0.000562s ]
INFO: [ app_end ] --END-- [ RunTime:0.000599s ]

[ 2017-07-30T22:15:51+08:00 ] 127.0.0.1 /php-exam/index.php/api/getArticle/byId/id/2
INFO: [ app_init ] --START--
INFO: Run Behavior\BuildLiteBehavior [ RunTime:0.000012s ]
INFO: [ app_init ] --END-- [ RunTime:0.000330s ]
INFO: [ app_begin ] --START--
INFO: Run Behavior\ReadHtmlCacheBehavior [ RunTime:0.000452s ]
INFO: [ app_begin ] --END-- [ RunTime:0.000491s ]
ERR: syntax error, unexpected '}'

[ 2017-07-30T22:16:10+08:00 ] 127.0.0.1 /php-exam/index.php/api/getArticle/byId/id/2
INFO: [ app_init ] --START--
INFO: Run Behavior\BuildLiteBehavior [ RunTime:0.000012s ]
INFO: [ app_init ] --END-- [ RunTime:0.000340s ]
INFO: [ app_begin ] --START--
INFO: Run Behavior\ReadHtmlCacheBehavior [ RunTime:0.000425s ]
INFO: [ app_begin ] --END-- [ RunTime:0.000464s ]
SQL: PRAGMA table_info( article ) [ RunTime:0.0002s ]
NOTIC: [8] Undefined index: field /Applications/MAMP/htdocs/php-exam/ThinkPHP/Library/Think/Db/Driver/Sqlite.class.php 第 42 行.
NOTIC: [8] Undefined index: field /Applications/MAMP/htdocs/php-exam/ThinkPHP/Library/Think/Db/Driver/Sqlite.class.php 第 43 行.
NOTIC: [8] Undefined index: null /Applications/MAMP/htdocs/php-exam/ThinkPHP/Library/Think/Db/Driver/Sqlite.class.php 第 45 行.
NOTIC: [8] Undefined index: default /Applications/MAMP/htdocs/php-exam/ThinkPHP/Library/Think/Db/Driver/Sqlite.class.php 第 46 行.
NOTIC: [8] Undefined index: dey /Applications/MAMP/htdocs/php-exam/ThinkPHP/Library/Think/Db/Driver/Sqlite.class.php 第 47 行.
NOTIC: [8] Undefined index: extra /Applications/MAMP/htdocs/php-exam/ThinkPHP/Library/Think/Db/Driver/Sqlite.class.php 第 48 行.
NOTIC: [8] Undefined index: field /Applications/MAMP/htdocs/php-exam/ThinkPHP/Library/Think/Db/Driver/Sqlite.class.php 第 42 行.
NOTIC: [8] Undefined index: field /Applications/MAMP/htdocs/php-exam/ThinkPHP/Library/Think/Db/Driver/Sqlite.class.php 第 43 行.
NOTIC: [8] Undefined index: null /Applications/MAMP/htdocs/php-exam/ThinkPHP/Library/Think/Db/Driver/Sqlite.class.php 第 45 行.
NOTIC: [8] Undefined index: default /Applications/MAMP/htdocs/php-exam/ThinkPHP/Library/Think/Db/Driver/Sqlite.class.php 第 46 行.
NOTIC: [8] Undefined index: dey /Applications/MAMP/htdocs/php-exam/ThinkPHP/Library/Think/Db/Driver/Sqlite.class.php 第 47 行.
NOTIC: [8] Undefined index: extra /Applications/MAMP/htdocs/php-exam/ThinkPHP/Library/Think/Db/Driver/Sqlite.class.php 第 48 行.
NOTIC: [8] Undefined index: field /Applications/MAMP/htdocs/php-exam/ThinkPHP/Library/Think/Db/Driver/Sqlite.class.php 第 42 行.
NOTIC: [8] Undefined index: field /Applications/MAMP/htdocs/php-exam/ThinkPHP/Library/Think/Db/Driver/Sqlite.class.php 第 43 行.
NOTIC: [8] Undefined index: null /Applications/MAMP/htdocs/php-exam/ThinkPHP/Library/Think/Db/Driver/Sqlite.class.php 第 45 行.
NOTIC: [8] Undefined index: default /Applications/MAMP/htdocs/php-exam/ThinkPHP/Library/Think/Db/Driver/Sqlite.class.php 第 46 行.
NOTIC: [8] Undefined index: dey /Applications/MAMP/htdocs/php-exam/ThinkPHP/Library/Think/Db/Driver/Sqlite.class.php 第 47 行.
NOTIC: [8] Undefined index: extra /Applications/MAMP/htdocs/php-exam/ThinkPHP/Library/Think/Db/Driver/Sqlite.class.php 第 48 行.
NOTIC: [8] Undefined index: field /Applications/MAMP/htdocs/php-exam/ThinkPHP/Library/Think/Db/Driver/Sqlite.class.php 第 42 行.
NOTIC: [8] Undefined index: field /Applications/MAMP/htdocs/php-exam/ThinkPHP/Library/Think/Db/Driver/Sqlite.class.php 第 43 行.
NOTIC: [8] Undefined index: null /Applications/MAMP/htdocs/php-exam/ThinkPHP/Library/Think/Db/Driver/Sqlite.class.php 第 45 行.
NOTIC: [8] Undefined index: default /Applications/MAMP/htdocs/php-exam/ThinkPHP/Library/Think/Db/Driver/Sqlite.class.php 第 46 行.
NOTIC: [8] Undefined index: dey /Applications/MAMP/htdocs/php-exam/ThinkPHP/Library/Think/Db/Driver/Sqlite.class.php 第 47 行.
NOTIC: [8] Undefined index: extra /Applications/MAMP/htdocs/php-exam/ThinkPHP/Library/Think/Db/Driver/Sqlite.class.php 第 48 行.
NOTIC: [8] Undefined index: field /Applications/MAMP/htdocs/php-exam/ThinkPHP/Library/Think/Db/Driver/Sqlite.class.php 第 42 行.
NOTIC: [8] Undefined index: field /Applications/MAMP/htdocs/php-exam/ThinkPHP/Library/Think/Db/Driver/Sqlite.class.php 第 43 行.
NOTIC: [8] Undefined index: null /Applications/MAMP/htdocs/php-exam/ThinkPHP/Library/Think/Db/Driver/Sqlite.class.php 第 45 行.
NOTIC: [8] Undefined index: default /Applications/MAMP/htdocs/php-exam/ThinkPHP/Library/Think/Db/Driver/Sqlite.class.php 第 46 行.
NOTIC: [8] Undefined index: dey /Applications/MAMP/htdocs/php-exam/ThinkPHP/Library/Think/Db/Driver/Sqlite.class.php 第 47 行.
NOTIC: [8] Undefined index: extra /Applications/MAMP/htdocs/php-exam/ThinkPHP/Library/Think/Db/Driver/Sqlite.class.php 第 48 行.
SQL: SELECT * FROM article WHERE ( id = 2 ) LIMIT 1   [ RunTime:0.0001s ]
NOTIC: [8] Use of undefined constant message - assumed 'message' /Applications/MAMP/htdocs/php-exam/Application/Api/Controller/GetArticleController.class.php 第 16 行.
INFO: [ app_end ] --START--
INFO: Run Behavior\ShowPageTraceBehavior [ RunTime:0.000713s ]
INFO: [ app_end ] --END-- [ RunTime:0.000760s ]

[ 2017-07-30T22:20:41+08:00 ] 127.0.0.1 /php-exam/index.php/api/getArticle/byId/id/2
INFO: [ app_init ] --START--
INFO: Run Behavior\BuildLiteBehavior [ RunTime:0.000013s ]
INFO: [ app_init ] --END-- [ RunTime:0.000333s ]
INFO: [ app_begin ] --START--
INFO: Run Behavior\ReadHtmlCacheBehavior [ RunTime:0.000427s ]
INFO: [ app_begin ] --END-- [ RunTime:0.000466s ]
SQL: PRAGMA table_info( article ) [ RunTime:0.0004s ]
NOTIC: [8] Undefined index: field /Applications/MAMP/htdocs/php-exam/ThinkPHP/Library/Think/Db/Driver/Sqlite.class.php 第 42 行.
NOTIC: [8] Undefined index: field /Applications/MAMP/htdocs/php-exam/ThinkPHP/Library/Think/Db/Driver/Sqlite.class.php 第 43 行.
NOTIC: [8] Undefined index: null /Applications/MAMP/htdocs/php-exam/ThinkPHP/Library/Think/Db/Driver/Sqlite.class.php 第 45 行.
NOTIC: [8] Undefined index: default /Applications/MAMP/htdocs/php-exam/ThinkPHP/Library/Think/Db/Driver/Sqlite.class.php 第 46 行.
NOTIC: [8] Undefined index: dey /Applications/MAMP/htdocs/php-exam/ThinkPHP/Library/Think/Db/Driver/Sqlite.class.php 第 47 行.
NOTIC: [8] Undefined index: extra /Applications/MAMP/htdocs/php-exam/ThinkPHP/Library/Think/Db/Driver/Sqlite.class.php 第 48 行.
NOTIC: [8] Undefined index: field /Applications/MAMP/htdocs/php-exam/ThinkPHP/Library/Think/Db/Driver/Sqlite.class.php 第 42 行.
NOTIC: [8] Undefined index: field /Applications/MAMP/htdocs/php-exam/ThinkPHP/Library/Think/Db/Driver/Sqlite.class.php 第 43 行.
NOTIC: [8] Undefined index: null /Applications/MAMP/htdocs/php-exam/ThinkPHP/Library/Think/Db/Driver/Sqlite.class.php 第 45 行.
NOTIC: [8] Undefined index: default /Applications/MAMP/htdocs/php-exam/ThinkPHP/Library/Think/Db/Driver/Sqlite.class.php 第 46 行.
NOTIC: [8] Undefined index: dey /Applications/MAMP/htdocs/php-exam/ThinkPHP/Library/Think/Db/Driver/Sqlite.class.php 第 47 行.
NOTIC: [8] Undefined index: extra /Applications/MAMP/htdocs/php-exam/ThinkPHP/Library/Think/Db/Driver/Sqlite.class.php 第 48 行.
NOTIC: [8] Undefined index: field /Applications/MAMP/htdocs/php-exam/ThinkPHP/Library/Think/Db/Driver/Sqlite.class.php 第 42 行.
NOTIC: [8] Undefined index: field /Applications/MAMP/htdocs/php-exam/ThinkPHP/Library/Think/Db/Driver/Sqlite.class.php 第 43 行.
NOTIC: [8] Undefined index: null /Applications/MAMP/htdocs/php-exam/ThinkPHP/Library/Think/Db/Driver/Sqlite.class.php 第 45 行.
NOTIC: [8] Undefined index: default /Applications/MAMP/htdocs/php-exam/ThinkPHP/Library/Think/Db/Driver/Sqlite.class.php 第 46 行.
NOTIC: [8] Undefined index: dey /Applications/MAMP/htdocs/php-exam/ThinkPHP/Library/Think/Db/Driver/Sqlite.class.php 第 47 行.
NOTIC: [8] Undefined index: extra /Applications/MAMP/htdocs/php-exam/ThinkPHP/Library/Think/Db/Driver/Sqlite.class.php 第 48 行.
NOTIC: [8] Undefined index: field /Applications/MAMP/htdocs/php-exam/ThinkPHP/Library/Think/Db/Driver/Sqlite.class.php 第 42 行.
NOTIC: [8] Undefined index: field /Applications/MAMP/htdocs/php-exam/ThinkPHP/Library/Think/Db/Driver/Sqlite.class.php 第 43 行.
NOTIC: [8] Undefined index: null /Applications/MAMP/htdocs/php-exam/ThinkPHP/Library/Think/Db/Driver/Sqlite.class.php 第 45 行.
NOTIC: [8] Undefined index: default /Applications/MAMP/htdocs/php-exam/ThinkPHP/Library/Think/Db/Driver/Sqlite.class.php 第 46 行.
NOTIC: [8] Undefined index: dey /Applications/MAMP/htdocs/php-exam/ThinkPHP/Library/Think/Db/Driver/Sqlite.class.php 第 47 行.
NOTIC: [8] Undefined index: extra /Applications/MAMP/htdocs/php-exam/ThinkPHP/Library/Think/Db/Driver/Sqlite.class.php 第 48 行.
NOTIC: [8] Undefined index: field /Applications/MAMP/htdocs/php-exam/ThinkPHP/Library/Think/Db/Driver/Sqlite.class.php 第 42 行.
NOTIC: [8] Undefined index: field /Applications/MAMP/htdocs/php-exam/ThinkPHP/Library/Think/Db/Driver/Sqlite.class.php 第 43 行.
NOTIC: [8] Undefined index: null /Applications/MAMP/htdocs/php-exam/ThinkPHP/Library/Think/Db/Driver/Sqlite.class.php 第 45 行.
NOTIC: [8] Undefined index: default /Applications/MAMP/htdocs/php-exam/ThinkPHP/Library/Think/Db/Driver/Sqlite.class.php 第 46 行.
NOTIC: [8] Undefined index: dey /Applications/MAMP/htdocs/php-exam/ThinkPHP/Library/Think/Db/Driver/Sqlite.class.php 第 47 行.
NOTIC: [8] Undefined index: extra /Applications/MAMP/htdocs/php-exam/ThinkPHP/Library/Think/Db/Driver/Sqlite.class.php 第 48 行.
SQL: SELECT * FROM article WHERE ( id = 2 ) LIMIT 1   [ RunTime:0.0001s ]
NOTIC: [8] Use of undefined constant message - assumed 'message' /Applications/MAMP/htdocs/php-exam/Application/Api/Controller/GetArticleController.class.php 第 16 行.
INFO: [ app_end ] --START--
INFO: Run Behavior\ShowPageTraceBehavior [ RunTime:0.000542s ]
INFO: [ app_end ] --END-- [ RunTime:0.000578s ]

[ 2017-07-30T22:22:26+08:00 ] 127.0.0.1 /php-exam/index.php/api/getArticle/byId/id/2
INFO: [ app_init ] --START--
INFO: Run Behavior\BuildLiteBehavior [ RunTime:0.000012s ]
INFO: [ app_init ] --END-- [ RunTime:0.000337s ]
INFO: [ app_begin ] --START--
INFO: Run Behavior\ReadHtmlCacheBehavior [ RunTime:0.000503s ]
INFO: [ app_begin ] --END-- [ RunTime:0.000554s ]
SQL: PRAGMA table_info( article ) [ RunTime:0.0003s ]
NOTIC: [8] Undefined index: field /Applications/MAMP/htdocs/php-exam/ThinkPHP/Library/Think/Db/Driver/Sqlite.class.php 第 42 行.
NOTIC: [8] Undefined index: field /Applications/MAMP/htdocs/php-exam/ThinkPHP/Library/Think/Db/Driver/Sqlite.class.php 第 43 行.
NOTIC: [8] Undefined index: null /Applications/MAMP/htdocs/php-exam/ThinkPHP/Library/Think/Db/Driver/Sqlite.class.php 第 45 行.
NOTIC: [8] Undefined index: default /Applications/MAMP/htdocs/php-exam/ThinkPHP/Library/Think/Db/Driver/Sqlite.class.php 第 46 行.
NOTIC: [8] Undefined index: dey /Applications/MAMP/htdocs/php-exam/ThinkPHP/Library/Think/Db/Driver/Sqlite.class.php 第 47 行.
NOTIC: [8] Undefined index: extra /Applications/MAMP/htdocs/php-exam/ThinkPHP/Library/Think/Db/Driver/Sqlite.class.php 第 48 行.
NOTIC: [8] Undefined index: field /Applications/MAMP/htdocs/php-exam/ThinkPHP/Library/Think/Db/Driver/Sqlite.class.php 第 42 行.
NOTIC: [8] Undefined index: field /Applications/MAMP/htdocs/php-exam/ThinkPHP/Library/Think/Db/Driver/Sqlite.class.php 第 43 行.
NOTIC: [8] Undefined index: null /Applications/MAMP/htdocs/php-exam/ThinkPHP/Library/Think/Db/Driver/Sqlite.class.php 第 45 行.
NOTIC: [8] Undefined index: default /Applications/MAMP/htdocs/php-exam/ThinkPHP/Library/Think/Db/Driver/Sqlite.class.php 第 46 行.
NOTIC: [8] Undefined index: dey /Applications/MAMP/htdocs/php-exam/ThinkPHP/Library/Think/Db/Driver/Sqlite.class.php 第 47 行.
NOTIC: [8] Undefined index: extra /Applications/MAMP/htdocs/php-exam/ThinkPHP/Library/Think/Db/Driver/Sqlite.class.php 第 48 行.
NOTIC: [8] Undefined index: field /Applications/MAMP/htdocs/php-exam/ThinkPHP/Library/Think/Db/Driver/Sqlite.class.php 第 42 行.
NOTIC: [8] Undefined index: field /Applications/MAMP/htdocs/php-exam/ThinkPHP/Library/Think/Db/Driver/Sqlite.class.php 第 43 行.
NOTIC: [8] Undefined index: null /Applications/MAMP/htdocs/php-exam/ThinkPHP/Library/Think/Db/Driver/Sqlite.class.php 第 45 行.
NOTIC: [8] Undefined index: default /Applications/MAMP/htdocs/php-exam/ThinkPHP/Library/Think/Db/Driver/Sqlite.class.php 第 46 行.
NOTIC: [8] Undefined index: dey /Applications/MAMP/htdocs/php-exam/ThinkPHP/Library/Think/Db/Driver/Sqlite.class.php 第 47 行.
NOTIC: [8] Undefined index: extra /Applications/MAMP/htdocs/php-exam/ThinkPHP/Library/Think/Db/Driver/Sqlite.class.php 第 48 行.
NOTIC: [8] Undefined index: field /Applications/MAMP/htdocs/php-exam/ThinkPHP/Library/Think/Db/Driver/Sqlite.class.php 第 42 行.
NOTIC: [8] Undefined index: field /Applications/MAMP/htdocs/php-exam/ThinkPHP/Library/Think/Db/Driver/Sqlite.class.php 第 43 行.
NOTIC: [8] Undefined index: null /Applications/MAMP/htdocs/php-exam/ThinkPHP/Library/Think/Db/Driver/Sqlite.class.php 第 45 行.
NOTIC: [8] Undefined index: default /Applications/MAMP/htdocs/php-exam/ThinkPHP/Library/Think/Db/Driver/Sqlite.class.php 第 46 行.
NOTIC: [8] Undefined index: dey /Applications/MAMP/htdocs/php-exam/ThinkPHP/Library/Think/Db/Driver/Sqlite.class.php 第 47 行.
NOTIC: [8] Undefined index: extra /Applications/MAMP/htdocs/php-exam/ThinkPHP/Library/Think/Db/Driver/Sqlite.class.php 第 48 行.
NOTIC: [8] Undefined index: field /Applications/MAMP/htdocs/php-exam/ThinkPHP/Library/Think/Db/Driver/Sqlite.class.php 第 42 行.
NOTIC: [8] Undefined index: field /Applications/MAMP/htdocs/php-exam/ThinkPHP/Library/Think/Db/Driver/Sqlite.class.php 第 43 行.
NOTIC: [8] Undefined index: null /Applications/MAMP/htdocs/php-exam/ThinkPHP/Library/Think/Db/Driver/Sqlite.class.php 第 45 行.
NOTIC: [8] Undefined index: default /Applications/MAMP/htdocs/php-exam/ThinkPHP/Library/Think/Db/Driver/Sqlite.class.php 第 46 行.
NOTIC: [8] Undefined index: dey /Applications/MAMP/htdocs/php-exam/ThinkPHP/Library/Think/Db/Driver/Sqlite.class.php 第 47 行.
NOTIC: [8] Undefined index: extra /Applications/MAMP/htdocs/php-exam/ThinkPHP/Library/Think/Db/Driver/Sqlite.class.php 第 48 行.
SQL: SELECT * FROM article WHERE ( id = 2 ) LIMIT 1   [ RunTime:0.0001s ]
NOTIC: [8] Use of undefined constant message - assumed 'message' /Applications/MAMP/htdocs/php-exam/Application/Api/Controller/GetArticleController.class.php 第 16 行.
INFO: [ app_end ] --START--
INFO: Run Behavior\ShowPageTraceBehavior [ RunTime:0.000536s ]
INFO: [ app_end ] --END-- [ RunTime:0.000571s ]

[ 2017-07-30T22:23:50+08:00 ] 127.0.0.1 /php-exam/index.php/api/getArticle/byId/id/2
INFO: [ app_init ] --START--
INFO: Run Behavior\BuildLiteBehavior [ RunTime:0.000042s ]
INFO: [ app_init ] --END-- [ RunTime:0.000525s ]
INFO: [ app_begin ] --START--
INFO: Run Behavior\ReadHtmlCacheBehavior [ RunTime:0.000452s ]
INFO: [ app_begin ] --END-- [ RunTime:0.000491s ]
SQL: PRAGMA table_info( article ) [ RunTime:0.0002s ]
NOTIC: [8] Undefined index: field /Applications/MAMP/htdocs/php-exam/ThinkPHP/Library/Think/Db/Driver/Sqlite.class.php 第 42 行.
NOTIC: [8] Undefined index: field /Applications/MAMP/htdocs/php-exam/ThinkPHP/Library/Think/Db/Driver/Sqlite.class.php 第 43 行.
NOTIC: [8] Undefined index: null /Applications/MAMP/htdocs/php-exam/ThinkPHP/Library/Think/Db/Driver/Sqlite.class.php 第 45 行.
NOTIC: [8] Undefined index: default /Applications/MAMP/htdocs/php-exam/ThinkPHP/Library/Think/Db/Driver/Sqlite.class.php 第 46 行.
NOTIC: [8] Undefined index: dey /Applications/MAMP/htdocs/php-exam/ThinkPHP/Library/Think/Db/Driver/Sqlite.class.php 第 47 行.
NOTIC: [8] Undefined index: extra /Applications/MAMP/htdocs/php-exam/ThinkPHP/Library/Think/Db/Driver/Sqlite.class.php 第 48 行.
NOTIC: [8] Undefined index: field /Applications/MAMP/htdocs/php-exam/ThinkPHP/Library/Think/Db/Driver/Sqlite.class.php 第 42 行.
NOTIC: [8] Undefined index: field /Applications/MAMP/htdocs/php-exam/ThinkPHP/Library/Think/Db/Driver/Sqlite.class.php 第 43 行.
NOTIC: [8] Undefined index: null /Applications/MAMP/htdocs/php-exam/ThinkPHP/Library/Think/Db/Driver/Sqlite.class.php 第 45 行.
NOTIC: [8] Undefined index: default /Applications/MAMP/htdocs/php-exam/ThinkPHP/Library/Think/Db/Driver/Sqlite.class.php 第 46 行.
NOTIC: [8] Undefined index: dey /Applications/MAMP/htdocs/php-exam/ThinkPHP/Library/Think/Db/Driver/Sqlite.class.php 第 47 行.
NOTIC: [8] Undefined index: extra /Applications/MAMP/htdocs/php-exam/ThinkPHP/Library/Think/Db/Driver/Sqlite.class.php 第 48 行.
NOTIC: [8] Undefined index: field /Applications/MAMP/htdocs/php-exam/ThinkPHP/Library/Think/Db/Driver/Sqlite.class.php 第 42 行.
NOTIC: [8] Undefined index: field /Applications/MAMP/htdocs/php-exam/ThinkPHP/Library/Think/Db/Driver/Sqlite.class.php 第 43 行.
NOTIC: [8] Undefined index: null /Applications/MAMP/htdocs/php-exam/ThinkPHP/Library/Think/Db/Driver/Sqlite.class.php 第 45 行.
NOTIC: [8] Undefined index: default /Applications/MAMP/htdocs/php-exam/ThinkPHP/Library/Think/Db/Driver/Sqlite.class.php 第 46 行.
NOTIC: [8] Undefined index: dey /Applications/MAMP/htdocs/php-exam/ThinkPHP/Library/Think/Db/Driver/Sqlite.class.php 第 47 行.
NOTIC: [8] Undefined index: extra /Applications/MAMP/htdocs/php-exam/ThinkPHP/Library/Think/Db/Driver/Sqlite.class.php 第 48 行.
NOTIC: [8] Undefined index: field /Applications/MAMP/htdocs/php-exam/ThinkPHP/Library/Think/Db/Driver/Sqlite.class.php 第 42 行.
NOTIC: [8] Undefined index: field /Applications/MAMP/htdocs/php-exam/ThinkPHP/Library/Think/Db/Driver/Sqlite.class.php 第 43 行.
NOTIC: [8] Undefined index: null /Applications/MAMP/htdocs/php-exam/ThinkPHP/Library/Think/Db/Driver/Sqlite.class.php 第 45 行.
NOTIC: [8] Undefined index: default /Applications/MAMP/htdocs/php-exam/ThinkPHP/Library/Think/Db/Driver/Sqlite.class.php 第 46 行.
NOTIC: [8] Undefined index: dey /Applications/MAMP/htdocs/php-exam/ThinkPHP/Library/Think/Db/Driver/Sqlite.class.php 第 47 行.
NOTIC: [8] Undefined index: extra /Applications/MAMP/htdocs/php-exam/ThinkPHP/Library/Think/Db/Driver/Sqlite.class.php 第 48 行.
NOTIC: [8] Undefined index: field /Applications/MAMP/htdocs/php-exam/ThinkPHP/Library/Think/Db/Driver/Sqlite.class.php 第 42 行.
NOTIC: [8] Undefined index: field /Applications/MAMP/htdocs/php-exam/ThinkPHP/Library/Think/Db/Driver/Sqlite.class.php 第 43 行.
NOTIC: [8] Undefined index: null /Applications/MAMP/htdocs/php-exam/ThinkPHP/Library/Think/Db/Driver/Sqlite.class.php 第 45 行.
NOTIC: [8] Undefined index: default /Applications/MAMP/htdocs/php-exam/ThinkPHP/Library/Think/Db/Driver/Sqlite.class.php 第 46 行.
NOTIC: [8] Undefined index: dey /Applications/MAMP/htdocs/php-exam/ThinkPHP/Library/Think/Db/Driver/Sqlite.class.php 第 47 行.
NOTIC: [8] Undefined index: extra /Applications/MAMP/htdocs/php-exam/ThinkPHP/Library/Think/Db/Driver/Sqlite.class.php 第 48 行.
SQL: SELECT * FROM article WHERE ( id = 2 ) LIMIT 1   [ RunTime:0.0001s ]
NOTIC: [8] Use of undefined constant message - assumed 'message' /Applications/MAMP/htdocs/php-exam/Application/Api/Controller/GetArticleController.class.php 第 16 行.
INFO: [ app_end ] --START--
INFO: Run Behavior\ShowPageTraceBehavior [ RunTime:0.000683s ]
INFO: [ app_end ] --END-- [ RunTime:0.000725s ]

[ 2017-07-30T22:24:01+08:00 ] 127.0.0.1 /php-exam/index.php/api/getArticle/byId/id/2
INFO: [ app_init ] --START--
INFO: Run Behavior\BuildLiteBehavior [ RunTime:0.000012s ]
INFO: [ app_init ] --END-- [ RunTime:0.000330s ]
INFO: [ app_begin ] --START--
INFO: Run Behavior\ReadHtmlCacheBehavior [ RunTime:0.000428s ]
INFO: [ app_begin ] --END-- [ RunTime:0.000466s ]
SQL: PRAGMA table_info( article ) [ RunTime:0.0003s ]
NOTIC: [8] Undefined index: field /Applications/MAMP/htdocs/php-exam/ThinkPHP/Library/Think/Db/Driver/Sqlite.class.php 第 42 行.
NOTIC: [8] Undefined index: field /Applications/MAMP/htdocs/php-exam/ThinkPHP/Library/Think/Db/Driver/Sqlite.class.php 第 43 行.
NOTIC: [8] Undefined index: null /Applications/MAMP/htdocs/php-exam/ThinkPHP/Library/Think/Db/Driver/Sqlite.class.php 第 45 行.
NOTIC: [8] Undefined index: default /Applications/MAMP/htdocs/php-exam/ThinkPHP/Library/Think/Db/Driver/Sqlite.class.php 第 46 行.
NOTIC: [8] Undefined index: dey /Applications/MAMP/htdocs/php-exam/ThinkPHP/Library/Think/Db/Driver/Sqlite.class.php 第 47 行.
NOTIC: [8] Undefined index: extra /Applications/MAMP/htdocs/php-exam/ThinkPHP/Library/Think/Db/Driver/Sqlite.class.php 第 48 行.
NOTIC: [8] Undefined index: field /Applications/MAMP/htdocs/php-exam/ThinkPHP/Library/Think/Db/Driver/Sqlite.class.php 第 42 行.
NOTIC: [8] Undefined index: field /Applications/MAMP/htdocs/php-exam/ThinkPHP/Library/Think/Db/Driver/Sqlite.class.php 第 43 行.
NOTIC: [8] Undefined index: null /Applications/MAMP/htdocs/php-exam/ThinkPHP/Library/Think/Db/Driver/Sqlite.class.php 第 45 行.
NOTIC: [8] Undefined index: default /Applications/MAMP/htdocs/php-exam/ThinkPHP/Library/Think/Db/Driver/Sqlite.class.php 第 46 行.
NOTIC: [8] Undefined index: dey /Applications/MAMP/htdocs/php-exam/ThinkPHP/Library/Think/Db/Driver/Sqlite.class.php 第 47 行.
NOTIC: [8] Undefined index: extra /Applications/MAMP/htdocs/php-exam/ThinkPHP/Library/Think/Db/Driver/Sqlite.class.php 第 48 行.
NOTIC: [8] Undefined index: field /Applications/MAMP/htdocs/php-exam/ThinkPHP/Library/Think/Db/Driver/Sqlite.class.php 第 42 行.
NOTIC: [8] Undefined index: field /Applications/MAMP/htdocs/php-exam/ThinkPHP/Library/Think/Db/Driver/Sqlite.class.php 第 43 行.
NOTIC: [8] Undefined index: null /Applications/MAMP/htdocs/php-exam/ThinkPHP/Library/Think/Db/Driver/Sqlite.class.php 第 45 行.
NOTIC: [8] Undefined index: default /Applications/MAMP/htdocs/php-exam/ThinkPHP/Library/Think/Db/Driver/Sqlite.class.php 第 46 行.
NOTIC: [8] Undefined index: dey /Applications/MAMP/htdocs/php-exam/ThinkPHP/Library/Think/Db/Driver/Sqlite.class.php 第 47 行.
NOTIC: [8] Undefined index: extra /Applications/MAMP/htdocs/php-exam/ThinkPHP/Library/Think/Db/Driver/Sqlite.class.php 第 48 行.
NOTIC: [8] Undefined index: field /Applications/MAMP/htdocs/php-exam/ThinkPHP/Library/Think/Db/Driver/Sqlite.class.php 第 42 行.
NOTIC: [8] Undefined index: field /Applications/MAMP/htdocs/php-exam/ThinkPHP/Library/Think/Db/Driver/Sqlite.class.php 第 43 行.
NOTIC: [8] Undefined index: null /Applications/MAMP/htdocs/php-exam/ThinkPHP/Library/Think/Db/Driver/Sqlite.class.php 第 45 行.
NOTIC: [8] Undefined index: default /Applications/MAMP/htdocs/php-exam/ThinkPHP/Library/Think/Db/Driver/Sqlite.class.php 第 46 行.
NOTIC: [8] Undefined index: dey /Applications/MAMP/htdocs/php-exam/ThinkPHP/Library/Think/Db/Driver/Sqlite.class.php 第 47 行.
NOTIC: [8] Undefined index: extra /Applications/MAMP/htdocs/php-exam/ThinkPHP/Library/Think/Db/Driver/Sqlite.class.php 第 48 行.
NOTIC: [8] Undefined index: field /Applications/MAMP/htdocs/php-exam/ThinkPHP/Library/Think/Db/Driver/Sqlite.class.php 第 42 行.
NOTIC: [8] Undefined index: field /Applications/MAMP/htdocs/php-exam/ThinkPHP/Library/Think/Db/Driver/Sqlite.class.php 第 43 行.
NOTIC: [8] Undefined index: null /Applications/MAMP/htdocs/php-exam/ThinkPHP/Library/Think/Db/Driver/Sqlite.class.php 第 45 行.
NOTIC: [8] Undefined index: default /Applications/MAMP/htdocs/php-exam/ThinkPHP/Library/Think/Db/Driver/Sqlite.class.php 第 46 行.
NOTIC: [8] Undefined index: dey /Applications/MAMP/htdocs/php-exam/ThinkPHP/Library/Think/Db/Driver/Sqlite.class.php 第 47 行.
NOTIC: [8] Undefined index: extra /Applications/MAMP/htdocs/php-exam/ThinkPHP/Library/Think/Db/Driver/Sqlite.class.php 第 48 行.
SQL: SELECT * FROM article WHERE ( id = 2 ) LIMIT 1   [ RunTime:0.0001s ]
NOTIC: [8] Use of undefined constant message - assumed 'message' /Applications/MAMP/htdocs/php-exam/Application/Api/Controller/GetArticleController.class.php 第 16 行.
INFO: [ app_end ] --START--
INFO: Run Behavior\ShowPageTraceBehavior [ RunTime:0.000548s ]
INFO: [ app_end ] --END-- [ RunTime:0.000584s ]

[ 2017-07-30T22:24:08+08:00 ] 127.0.0.1 /php-exam/index.php/api/add/
INFO: [ app_init ] --START--
INFO: Run Behavior\BuildLiteBehavior [ RunTime:0.000012s ]
INFO: [ app_init ] --END-- [ RunTime:0.000321s ]
INFO: [ app_begin ] --START--
INFO: Run Behavior\ReadHtmlCacheBehavior [ RunTime:0.000420s ]
INFO: [ app_begin ] --END-- [ RunTime:0.000457s ]
ERR: 无法加载控制器:Add

[ 2017-07-30T22:24:13+08:00 ] 127.0.0.1 /php-exam/index.php/api/add/addArtile
INFO: [ app_init ] --START--
INFO: Run Behavior\BuildLiteBehavior [ RunTime:0.000012s ]
INFO: [ app_init ] --END-- [ RunTime:0.000441s ]
INFO: [ app_begin ] --START--
INFO: Run Behavior\ReadHtmlCacheBehavior [ RunTime:0.000462s ]
INFO: [ app_begin ] --END-- [ RunTime:0.000518s ]
ERR: 无法加载控制器:Add

[ 2017-07-30T22:24:24+08:00 ] 127.0.0.1 /php-exam/index.php/api/add/addArtile
INFO: [ app_init ] --START--
INFO: Run Behavior\BuildLiteBehavior [ RunTime:0.000021s ]
INFO: [ app_init ] --END-- [ RunTime:0.000491s ]
INFO: [ app_begin ] --START--
INFO: Run Behavior\ReadHtmlCacheBehavior [ RunTime:0.000529s ]
INFO: [ app_begin ] --END-- [ RunTime:0.000581s ]
INFO: [ app_end ] --START--
INFO: Run Behavior\ShowPageTraceBehavior [ RunTime:0.000547s ]
INFO: [ app_end ] --END-- [ RunTime:0.000595s ]

[ 2017-07-30T22:24:27+08:00 ] 127.0.0.1 /php-exam/index.php/api/add/addArtile
INFO: [ app_init ] --START--
INFO: Run Behavior\BuildLiteBehavior [ RunTime:0.000012s ]
INFO: [ app_init ] --END-- [ RunTime:0.000318s ]
INFO: [ app_begin ] --START--
INFO: Run Behavior\ReadHtmlCacheBehavior [ RunTime:0.000417s ]
INFO: [ app_begin ] --END-- [ RunTime:0.000455s ]
INFO: [ app_end ] --START--
INFO: Run Behavior\ShowPageTraceBehavior [ RunTime:0.000449s ]
INFO: [ app_end ] --END-- [ RunTime:0.000490s ]

[ 2017-07-30T22:25:18+08:00 ] 127.0.0.1 /php-exam/index.php/api/delete
INFO: [ app_init ] --START--
INFO: Run Behavior\BuildLiteBehavior [ RunTime:0.000013s ]
INFO: [ app_init ] --END-- [ RunTime:0.000326s ]
INFO: [ app_begin ] --START--
INFO: Run Behavior\ReadHtmlCacheBehavior [ RunTime:0.000433s ]
INFO: [ app_begin ] --END-- [ RunTime:0.000473s ]
ERR: 非法操作:index

[ 2017-07-30T22:25:28+08:00 ] 127.0.0.1 /php-exam/index.php/api/delete/byId
INFO: [ app_init ] --START--
INFO: Run Behavior\BuildLiteBehavior [ RunTime:0.000012s ]
INFO: [ app_init ] --END-- [ RunTime:0.000315s ]
INFO: [ app_begin ] --START--
INFO: Run Behavior\ReadHtmlCacheBehavior [ RunTime:0.000403s ]
INFO: [ app_begin ] --END-- [ RunTime:0.000440s ]
NOTIC: [8] Use of undefined constant status - assumed 'status' /Applications/MAMP/htdocs/php-exam/Application/Api/Controller/DeleteController.class.php 第 7 行.

[ 2017-07-30T22:25:50+08:00 ] 127.0.0.1 /php-exam/index.php/api/delete/byId
INFO: [ app_init ] --START--
INFO: Run Behavior\BuildLiteBehavior [ RunTime:0.000012s ]
INFO: [ app_init ] --END-- [ RunTime:0.000325s ]
INFO: [ app_begin ] --START--
INFO: Run Behavior\ReadHtmlCacheBehavior [ RunTime:0.000426s ]
INFO: [ app_begin ] --END-- [ RunTime:0.000463s ]
ERR: syntax error, unexpected end of file, expecting function (T_FUNCTION)

[ 2017-07-30T22:25:53+08:00 ] 127.0.0.1 /php-exam/index.php/api/delete/byId/1
INFO: [ app_init ] --START--
INFO: Run Behavior\BuildLiteBehavior [ RunTime:0.000013s ]
INFO: [ app_init ] --END-- [ RunTime:0.000335s ]
INFO: [ app_begin ] --START--
INFO: Run Behavior\ReadHtmlCacheBehavior [ RunTime:0.000418s ]
INFO: [ app_begin ] --END-- [ RunTime:0.000456s ]
ERR: syntax error, unexpected end of file, expecting function (T_FUNCTION)

[ 2017-07-30T22:26:00+08:00 ] 127.0.0.1 /php-exam/index.php/api/delete/byId/1
INFO: [ app_init ] --START--
INFO: Run Behavior\BuildLiteBehavior [ RunTime:0.000020s ]
INFO: [ app_init ] --END-- [ RunTime:0.000339s ]
INFO: [ app_begin ] --START--
INFO: Run Behavior\ReadHtmlCacheBehavior [ RunTime:0.000623s ]
INFO: [ app_begin ] --END-- [ RunTime:0.000673s ]
ERR: syntax error, unexpected end of file, expecting function (T_FUNCTION)

[ 2017-07-30T22:26:19+08:00 ] 127.0.0.1 /php-exam/index.php/api/delete/byId/1
INFO: [ app_init ] --START--
INFO: Run Behavior\BuildLiteBehavior [ RunTime:0.000013s ]
INFO: [ app_init ] --END-- [ RunTime:0.000393s ]
INFO: [ app_begin ] --START--
INFO: Run Behavior\ReadHtmlCacheBehavior [ RunTime:0.000445s ]
INFO: [ app_begin ] --END-- [ RunTime:0.000487s ]
INFO: [ app_end ] --START--
INFO: Run Behavior\ShowPageTraceBehavior [ RunTime:0.000459s ]
INFO: [ app_end ] --END-- [ RunTime:0.000499s ]

[ 2017-07-30T22:26:23+08:00 ] 127.0.0.1 /php-exam/index.php/api/delete/byId/1
INFO: [ app_init ] --START--
INFO: Run Behavior\BuildLiteBehavior [ RunTime:0.000016s ]
INFO: [ app_init ] --END-- [ RunTime:0.000452s ]
INFO: [ app_begin ] --START--
INFO: Run Behavior\ReadHtmlCacheBehavior [ RunTime:0.000562s ]
INFO: [ app_begin ] --END-- [ RunTime:0.000623s ]
INFO: [ app_end ] --START--
INFO: Run Behavior\ShowPageTraceBehavior [ RunTime:0.000561s ]
INFO: [ app_end ] --END-- [ RunTime:0.000605s ]

[ 2017-07-30T22:29:03+08:00 ] 127.0.0.1 /php-exam/index.php/api/delete/byId/1
INFO: [ app_init ] --START--
INFO: Run Behavior\BuildLiteBehavior [ RunTime:0.000012s ]
INFO: [ app_init ] --END-- [ RunTime:0.000330s ]
INFO: [ app_begin ] --START--
INFO: Run Behavior\ReadHtmlCacheBehavior [ RunTime:0.000429s ]
INFO: [ app_begin ] --END-- [ RunTime:0.000470s ]
INFO: [ app_end ] --START--
INFO: Run Behavior\ShowPageTraceBehavior [ RunTime:0.000505s ]
INFO: [ app_end ] --END-- [ RunTime:0.000546s ]

[ 2017-07-30T22:36:36+08:00 ] 127.0.0.1 /php-exam/index.php/api/getArticle/id
INFO: [ app_init ] --START--
INFO: Run Behavior\BuildLiteBehavior [ RunTime:0.000012s ]
INFO: [ app_init ] --END-- [ RunTime:0.000339s ]
INFO: [ app_begin ] --START--
INFO: Run Behavior\ReadHtmlCacheBehavior [ RunTime:0.000432s ]
INFO: [ app_begin ] --END-- [ RunTime:0.000473s ]
ERR: 非法操作:id

[ 2017-07-30T22:36:39+08:00 ] 127.0.0.1 /php-exam/index.php/api/getArticle/id
INFO: [ app_init ] --START--
INFO: Run Behavior\BuildLiteBehavior [ RunTime:0.000009s ]
INFO: [ app_init ] --END-- [ RunTime:0.000241s ]
INFO: [ app_begin ] --START--
INFO: Run Behavior\ReadHtmlCacheBehavior [ RunTime:0.000315s ]
INFO: [ app_begin ] --END-- [ RunTime:0.000344s ]
ERR: 非法操作:id

[ 2017-07-30T22:36:49+08:00 ] 127.0.0.1 /php-exam/index.php/api/add/addArtile
INFO: [ app_init ] --START--
INFO: Run Behavior\BuildLiteBehavior [ RunTime:0.000013s ]
INFO: [ app_init ] --END-- [ RunTime:0.000342s ]
INFO: [ app_begin ] --START--
INFO: Run Behavior\ReadHtmlCacheBehavior [ RunTime:0.000404s ]
INFO: [ app_begin ] --END-- [ RunTime:0.000441s ]
INFO: [ app_end ] --START--
INFO: Run Behavior\ShowPageTraceBehavior [ RunTime:0.000440s ]
INFO: [ app_end ] --END-- [ RunTime:0.000479s ]

[ 2017-07-30T22:38:28+08:00 ] 127.0.0.1 /php-exam/index.php/api/delete/byId
INFO: [ app_init ] --START--
INFO: Run Behavior\BuildLiteBehavior [ RunTime:0.000017s ]
INFO: [ app_init ] --END-- [ RunTime:0.000476s ]
INFO: [ app_begin ] --START--
INFO: Run Behavior\ReadHtmlCacheBehavior [ RunTime:0.000441s ]
INFO: [ app_begin ] --END-- [ RunTime:0.000479s ]
INFO: [ app_end ] --START--
INFO: Run Behavior\ShowPageTraceBehavior [ RunTime:0.000535s ]
INFO: [ app_end ] --END-- [ RunTime:0.000581s ]

[ 2017-07-30T22:38:41+08:00 ] 127.0.0.1 /php-exam/index.php/api/delete/byId
INFO: [ app_init ] --START--
INFO: Run Behavior\BuildLiteBehavior [ RunTime:0.000012s ]
INFO: [ app_init ] --END-- [ RunTime:0.000333s ]
INFO: [ app_begin ] --START--
INFO: Run Behavior\ReadHtmlCacheBehavior [ RunTime:0.000425s ]
INFO: [ app_begin ] --END-- [ RunTime:0.000462s ]
INFO: [ app_end ] --START--
INFO: Run Behavior\ShowPageTraceBehavior [ RunTime:0.000463s ]
INFO: [ app_end ] --END-- [ RunTime:0.000502s ]

[ 2017-07-30T22:38:56+08:00 ] 127.0.0.1 /php-exam/index.php/api/delete/byId
INFO: [ app_init ] --START--
INFO: Run Behavior\BuildLiteBehavior [ RunTime:0.000019s ]
INFO: [ app_init ] --END-- [ RunTime:0.000374s ]
INFO: [ app_begin ] --START--
INFO: Run Behavior\ReadHtmlCacheBehavior [ RunTime:0.000454s ]
INFO: [ app_begin ] --END-- [ RunTime:0.000493s ]
INFO: [ app_end ] --START--
INFO: Run Behavior\ShowPageTraceBehavior [ RunTime:0.000530s ]
INFO: [ app_end ] --END-- [ RunTime:0.000578s ]

